0.06, 604
0.07, 604
0.07, 604
0.08, 604
0.09, 604
0.09, 604
0.1, 604
0.11, 604
0.11, 604
0.12, 604
0.13, 604
0.13, 604
0.14, 604
0.15, 604
0.16, 604
0.16, 604
0.17, 604
0.18, 604
0.18, 604
0.19, 604
0.2, 604
0.2, 604
0.21, 604
0.22, 604
0.23, 604
0.23, 604
0.24, 604
0.25, 604
0.25, 604
0.26, 604
0.27, 604
0.27, 604
0.28, 604
0.29, 604
0.29, 604
0.3, 604
0.31, 604
0.31, 604
0.32, 604
0.33, 604
0.33, 604
0.34, 604
0.35, 604
0.35, 604
0.36, 604
0.37, 604
0.37, 604
0.38, 604
0.39, 604
0.39, 604
0.4, 604
0.41, 604
0.42, 604
0.42, 604
0.43, 604
0.44, 604
0.44, 604
0.45, 604
0.46, 604
0.46, 604
0.47, 604
0.48, 604
0.48, 604
0.49, 603
0.5, 602
0.5, 602
0.51, 602
0.52, 602
0.52, 602
0.53, 602
0.54, 602
0.54, 602
0.55, 602
0.56, 602
0.57, 602
0.57, 602
0.58, 602
0.59, 602
0.59, 602
0.6, 602
0.61, 602
0.61, 602
0.62, 602
0.63, 602
0.63, 602
0.64, 602
0.65, 602
0.65, 602
0.66, 602
0.67, 602
0.67, 602
0.68, 602
0.69, 602
0.69, 602
0.7, 602
0.71, 602
0.71, 602
0.72, 601
0.73, 601
0.74, 601
0.74, 601
0.75, 601
0.76, 601
0.76, 601
0.77, 601
0.78, 601
0.78, 601
0.79, 601
0.8, 601
0.81, 601
0.81, 601
0.82, 601
0.83, 601
0.83, 601
0.84, 601
0.85, 601
0.85, 601
0.86, 601
0.87, 601
0.87, 601
0.88, 601
0.89, 601
0.89, 601
0.9, 601
0.91, 601
0.91, 601
0.92, 601
0.93, 601
0.94, 601
0.94, 601
0.95, 601
0.96, 601
0.96, 601
0.97, 601
0.98, 601
0.98, 601
0.99, 601
1.0, 601
1.0, 601
1.01, 601
1.02, 601
1.02, 601
1.03, 601
1.04, 601
1.04, 601
1.05, 601
1.06, 601
1.06, 601
1.07, 601
1.08, 601
1.08, 601
1.09, 601
1.1, 601
1.1, 601
1.11, 600
1.12, 600
1.12, 600
1.13, 600
1.14, 600
1.14, 600
1.15, 600
1.16, 600
1.16, 600
1.17, 600
1.18, 600
1.19, 600
1.19, 600
1.2, 600
1.21, 600
1.21, 600
1.22, 600
1.23, 600
1.23, 600
1.24, 600
1.25, 600
1.25, 600
1.26, 600
1.27, 600
1.28, 600
1.28, 600
1.29, 600
1.3, 600
1.3, 600
1.31, 600
1.32, 600
1.32, 600
1.33, 600
1.34, 600
1.34, 600
1.35, 600
1.36, 600
1.36, 600
1.37, 600
1.38, 600
1.38, 600
1.39, 600
1.4, 600
1.4, 600
1.41, 600
1.42, 600
1.43, 600
1.44, 600
1.44, 600
1.45, 600
1.46, 600
1.46, 600
1.47, 600
1.48, 600
1.48, 600
1.49, 600
1.5, 600
1.5, 600
1.51, 600
1.52, 600
1.52, 600
1.53, 600
1.54, 600
1.54, 600
1.55, 600
1.56, 600
1.56, 600
1.57, 600
1.58, 600
1.58, 600
1.59, 600
1.6, 600
1.61, 600
1.61, 600
1.62, 600
1.62, 600
1.63, 600
1.64, 600
1.64, 600
1.65, 600
1.66, 600
1.66, 600
1.67, 600
1.68, 600
1.69, 600
1.69, 600
1.7, 600
1.71, 600
1.71, 600
1.72, 600
1.73, 600
1.73, 600
1.74, 600
1.75, 600
1.75, 600
1.76, 600
1.77, 600
1.78, 600
1.78, 600
1.79, 600
1.8, 600
1.8, 600
1.81, 600
1.82, 600
1.82, 600
1.83, 600
1.84, 600
1.84, 600
1.85, 600
1.86, 600
1.87, 600
1.87, 600
1.88, 600
1.89, 600
1.89, 600
1.9, 600
1.9, 600
1.91, 600
1.92, 600
1.93, 600
1.93, 600
1.94, 600
1.95, 600
1.96, 600
1.96, 600
1.97, 600
1.98, 600
1.98, 600
1.99, 600
2.0, 600
2.01, 600
2.01, 600
2.02, 600
2.02, 600
2.03, 600
2.04, 600
2.04, 600
2.05, 600
2.06, 600
2.07, 600
2.07, 600
2.08, 600
2.09, 600
2.09, 600
2.1, 600
2.11, 600
2.12, 600
2.12, 600
2.13, 600
2.14, 600
2.15, 600
2.15, 600
2.16, 600
2.17, 600
2.18, 600
2.18, 600
2.19, 600
2.2, 600
2.2, 600
2.21, 600
2.22, 600
2.23, 600
2.23, 600
2.24, 600
2.25, 600
2.25, 600
2.26, 600
2.27, 600
2.27, 600
2.28, 600
2.29, 600
2.29, 600
2.3, 600
2.31, 600
2.32, 600
2.32, 600
2.33, 600
2.34, 600
2.34, 600
2.35, 600
2.36, 600
2.36, 600
2.37, 600
2.38, 600
2.39, 600
2.39, 600
2.4, 600
2.41, 600
2.42, 600
2.42, 600
2.43, 600
2.44, 600
2.44, 600
2.45, 600
2.46, 600
2.46, 600
2.47, 600
2.48, 600
2.49, 600
2.49, 600
2.5, 600
2.51, 600
2.51, 600
2.52, 600
2.53, 600
2.53, 600
2.54, 600
2.55, 600
2.56, 600
2.56, 600
2.57, 600
2.58, 600
2.58, 600
2.59, 600
2.6, 600
2.6, 600
2.61, 600
2.62, 600
2.62, 600
2.63, 600
2.64, 600
2.64, 600
2.65, 600
2.66, 600
2.66, 600
2.67, 600
2.68, 600
2.69, 600
2.69, 600
2.7, 600
2.71, 600
2.71, 600
2.72, 600
2.73, 600
2.73, 600
2.74, 600
2.75, 600
2.76, 600
2.77, 600
2.77, 600
2.78, 600
2.79, 600
2.79, 600
2.8, 600
2.81, 600
2.82, 600
2.82, 600
2.83, 600
2.84, 600
2.84, 600
2.85, 600
2.86, 600
2.86, 600
2.87, 600
2.88, 600
2.89, 600
2.89, 600
2.9, 600
2.91, 600
2.91, 600
2.92, 600
2.93, 600
2.94, 600
2.94, 600
2.95, 600
2.96, 600
2.96, 600
2.97, 600
2.98, 600
2.98, 600
2.99, 600
3.0, 600
3.0, 600
3.01, 600
3.02, 600
3.02, 600
3.03, 600
3.04, 600
3.05, 600
3.05, 600
3.06, 600
3.07, 600
3.07, 600
3.08, 600
3.09, 600
3.1, 600
3.1, 600
3.11, 600
3.12, 600
3.12, 600
3.13, 600
3.14, 600
3.15, 600
3.15, 600
3.16, 600
3.17, 600
3.17, 600
3.18, 600
3.19, 600
3.2, 600
3.2, 600
3.21, 600