1.81, 1107
2.54, 1105
3.3, 1103
4.04, 1102
4.78, 1099
5.52, 1097
7.81, 1096
8.75, 1092
10.98, 1091
12.5, 1090
13.26, 1089
14.01, 1086
16.3, 1084
17.04, 1083
17.78, 1082
19.23, 1081
19.96, 1080
20.69, 1079
21.41, 1076
22.87, 1071
28.84, 1065
33.26, 1054
38.31, 1053
40.48, 1052
42.66, 1050
43.38, 1047
44.83, 1046
47.73, 1045
48.57, 1043
50.73, 1041
51.46, 1036
57.31, 1030
60.96, 1027
64.53, 1026
65.96, 1020
67.39, 1019
71.07, 1017
76.81, 1015
78.31, 1014
79.01, 1008
84.02, 1003
95.41, 1001
96.26, 998