0.01, 159
0.01, 159
0.01, 159
0.01, 159
0.01, 159
0.01, 159
0.02, 159
0.02, 159
0.02, 159
0.02, 159
0.02, 159
0.02, 159
0.03, 159
0.03, 159
0.03, 159
0.03, 159
0.03, 159
0.03, 159
0.04, 159
0.04, 159
0.04, 159
0.04, 159
0.04, 159
0.04, 159
0.04, 159
0.04, 159
0.04, 159
0.04, 159
0.05, 159
0.05, 159
0.05, 159
0.05, 159
0.05, 159
0.05, 159
0.06, 159
0.06, 159
0.06, 159
0.06, 159
0.06, 159
0.06, 159
0.06, 159
0.07, 159
0.07, 159
0.07, 159
0.07, 159
0.07, 159
0.07, 159
0.07, 159
0.08, 159
0.08, 159
0.08, 159
0.08, 159
0.08, 159
0.08, 159
0.08, 159
0.09, 159
0.09, 159
0.09, 158
0.09, 158
0.09, 158
0.09, 158
0.09, 158
0.09, 158
0.09, 158
0.1, 158
0.1, 158
0.1, 158
0.1, 158
0.1, 158
0.1, 158
0.1, 158
0.1, 158
0.1, 158
0.11, 158
0.11, 158
0.11, 158
0.11, 158
0.11, 158
0.11, 158
0.11, 158
0.11, 158
0.12, 158
0.12, 158
0.12, 158
0.12, 158
0.12, 158
0.12, 158
0.12, 158
0.12, 158
0.12, 158
0.12, 158
0.13, 158
0.13, 158
0.13, 158
0.13, 158
0.13, 158
0.13, 158
0.13, 158
0.14, 158
0.14, 158
0.14, 158
0.14, 158
0.14, 158
0.14, 158
0.14, 158
0.15, 158
0.15, 158
0.15, 158
0.15, 158
0.15, 158
0.15, 158
0.15, 158
0.15, 158
0.15, 158
0.15, 158
0.15, 158
0.16, 158
0.16, 158
0.16, 158
0.16, 158
0.16, 158
0.16, 158
0.16, 158
0.17, 158
0.17, 158
0.17, 158
0.17, 158
0.17, 158
0.17, 158
0.17, 158
0.17, 158
0.18, 158
0.18, 158
0.18, 158
0.18, 158
0.18, 158
0.18, 158
0.18, 158
0.18, 158
0.18, 158
0.18, 158
0.19, 158
0.19, 158
0.19, 158
0.19, 158
0.19, 158
0.19, 158
0.19, 158
0.2, 158
0.2, 158
0.2, 158
0.2, 158
0.2, 158
0.2, 158
0.2, 158
0.2, 158
0.2, 158
0.21, 158
0.21, 158
0.21, 158
0.21, 158
0.21, 158
0.21, 158
0.21, 158
0.21, 158
0.21, 158
0.22, 158
0.22, 158
0.22, 158
0.22, 158
0.22, 158
0.22, 158
0.23, 158
0.23, 158
0.23, 158
0.23, 158
0.23, 158
0.23, 158
0.23, 158
0.23, 158
0.23, 158
0.23, 158
0.24, 158
0.24, 158
0.24, 158
0.24, 158
0.24, 158
0.24, 158
0.24, 158
0.25, 158
0.25, 158
0.25, 158
0.25, 158
0.25, 158
0.25, 158
0.25, 158
0.26, 158
0.26, 158
0.26, 158
0.26, 158
0.26, 158
0.26, 158
0.26, 158
0.26, 158
0.26, 158
0.26, 158
0.27, 158
0.27, 158
0.27, 158
0.27, 158
0.27, 158
0.27, 158
0.27, 158
0.28, 158
0.28, 158
0.28, 158
0.28, 158
0.28, 158
0.28, 158
0.28, 158
0.29, 158
0.29, 158
0.29, 158
0.29, 158
0.29, 158
0.29, 158
0.29, 158
0.29, 158
0.29, 158
0.29, 158
0.3, 158
0.3, 158
0.3, 158
0.3, 158
0.3, 158
0.3, 158
0.3, 158
0.31, 158
0.31, 158
0.31, 158
0.31, 158
0.31, 158
0.31, 158
0.31, 158
0.32, 158
0.32, 158
0.32, 158
0.32, 158
0.32, 158
0.32, 158
0.32, 158
0.32, 158
0.32, 158
0.32, 158
0.33, 158
0.33, 158
0.33, 158
0.33, 158
0.33, 158
0.33, 158
0.33, 158
0.34, 158
0.34, 158
0.34, 158
0.34, 158
0.34, 158
0.34, 158
0.34, 158
0.34, 158
0.34, 158
0.34, 158
0.35, 158
0.35, 158
0.35, 158
0.35, 158
0.35, 158
0.35, 158
0.35, 158
0.36, 158
0.36, 158
0.36, 158
0.36, 158
0.36, 158
0.36, 158
0.36, 158
0.36, 158
0.36, 158
0.37, 158
0.37, 158
0.37, 158
0.37, 158
0.37, 158
0.37, 158
0.37, 158
0.37, 158
0.37, 158
0.38, 158
0.38, 158
0.38, 158
0.38, 158
0.38, 158
0.38, 158
0.38, 158
0.39, 158
0.39, 158
0.39, 158
0.39, 158
0.39, 158
0.39, 158
0.39, 158
0.39, 158
0.4, 158
0.4, 158
0.4, 158
0.4, 158
0.4, 158
0.4, 158
0.4, 158
0.4, 158
0.4, 158
0.4, 158
0.41, 158
0.41, 158
0.41, 158
0.41, 158
0.41, 158
0.41, 158
0.41, 158
0.42, 158
0.42, 158
0.42, 158
0.42, 158
0.42, 158
0.42, 158
0.42, 158
0.42, 158
0.43, 158
0.43, 158
0.43, 158
0.43, 158
0.43, 158
0.43, 158
0.43, 158
0.43, 158
0.43, 158
0.44, 158
0.44, 158
0.44, 158
0.44, 158
0.44, 158
0.44, 158
0.44, 158
0.45, 158
0.45, 158
0.45, 158
0.45, 158
0.45, 158
0.45, 158
0.45, 158
0.45, 158
0.45, 158
0.45, 158
0.46, 158
0.46, 158
0.46, 158
0.46, 158
0.46, 158
0.46, 158
0.46, 158
0.47, 158
0.47, 158
0.47, 158
0.47, 158
0.47, 158
0.47, 158
0.47, 158
0.48, 158
0.48, 158
0.48, 158
0.48, 158
0.48, 158
0.48, 158
0.48, 158
0.48, 158
0.48, 158
0.49, 158
0.49, 158
0.49, 158
0.49, 158
0.49, 158
0.49, 158
0.49, 158
0.49, 158
0.5, 158
0.5, 158
0.5, 158
0.5, 158
0.5, 158
0.5, 158
0.51, 158
0.51, 158
0.51, 158
0.51, 158
0.51, 158
0.51, 158
0.51, 158
0.51, 158
0.51, 158
0.51, 158
0.51, 158
0.52, 158
0.52, 158
0.52, 158
0.52, 158
0.52, 158
0.52, 158
0.52, 158
0.53, 158
0.53, 158
0.53, 158
0.53, 158
0.53, 158
0.53, 158
0.54, 158
0.54, 158
0.54, 158
0.54, 158
0.54, 158
0.54, 158
0.54, 158
0.54, 158
0.54, 158
0.54, 158
0.55, 158
0.55, 158
0.55, 158
0.55, 158
0.55, 158
0.55, 158
0.55, 158
0.56, 158
0.56, 158
0.56, 158
0.56, 158
0.56, 158
0.56, 158
0.56, 158
0.56, 158
0.57, 158
0.57, 158
0.57, 158
0.57, 158
0.57, 158
0.57, 158
0.57, 158
0.57, 158