35.38, 994
35.4, 993
35.7, 992
35.76, 991
35.78, 990
35.81, 989
35.89, 988
36.55, 987
36.72, 986
37.35, 985
37.39, 984
37.45, 983
37.66, 982
37.68, 981
37.78, 980
37.99, 979
38.14, 978
38.22, 977
38.24, 976
38.3, 975
38.34, 974
38.46, 973
39.03, 972
39.07, 971
39.21, 970
39.25, 969
39.77, 968
39.87, 967
40.05, 966
40.3, 965
40.36, 964
40.43, 963
40.57, 962
40.67, 961
40.91, 960
41.07, 959
41.09, 958
41.11, 957
41.54, 956
41.68, 955
41.81, 954
42.08, 953
42.16, 952
42.26, 951
42.28, 950
42.36, 949
42.39, 948
42.53, 947
42.61, 946
42.63, 945
42.65, 944
42.75, 943
42.77, 942
42.94, 941
43.03, 940
43.09, 939
43.13, 938
43.23, 937
43.58, 936
43.68, 935
43.7, 934
43.85, 933
43.99, 932
44.01, 931
44.06, 930
44.16, 929
44.2, 928
44.26, 927
44.3, 926
44.49, 925
44.53, 924
44.64, 923
44.72, 922
44.76, 921
44.78, 920
44.8, 919
44.82, 918
44.9, 917
45.13, 916
45.29, 915
45.32, 914
45.95, 913
46.22, 912
47.57, 911
47.73, 910
47.79, 909
48.25, 908
49.29, 907
52.02, 906
55.65, 905
58.07, 904
62.13, 903
62.4, 902
63.29, 901