0.12, 899
0.14, 899
0.15, 899
0.17, 899
0.18, 899
0.2, 899
0.21, 899
0.23, 899
0.25, 899
0.26, 899
0.28, 899
0.29, 899
0.31, 899
0.33, 899
0.34, 899
0.36, 899
0.38, 899
0.39, 899
0.41, 899
0.42, 899
0.44, 899
0.45, 899
0.47, 899
0.48, 899
0.5, 899
0.51, 899
0.53, 899
0.54, 899
0.56, 899
0.58, 899
0.59, 899
0.61, 899
0.62, 899
0.63, 899
0.65, 899
0.66, 899
0.68, 899
0.69, 899
0.71, 899
0.72, 899
0.73, 899
0.75, 899
0.76, 899
0.78, 899
0.79, 899
0.81, 899
0.82, 899
0.84, 899
0.85, 900
0.87, 900
0.88, 900
0.9, 900
0.91, 900
0.92, 900
0.94, 900
0.95, 900
0.97, 900
0.99, 900
1.0, 900
1.02, 900
1.04, 900
1.05, 900
1.07, 900
1.09, 900
1.1, 900
1.12, 900
1.13, 900
1.15, 900
1.16, 900
1.18, 900
1.2, 900
1.22, 900
1.24, 900
1.25, 900
1.27, 900
1.29, 900
1.3, 900
1.32, 900
1.33, 900
1.35, 900
1.37, 900
1.38, 900
1.4, 900
1.41, 900
1.43, 900
1.45, 900
1.47, 900
1.48, 900
1.5, 901
1.52, 901
1.53, 901
1.55, 901
1.57, 901
1.58, 901
1.6, 901
1.62, 901
1.63, 901
1.65, 901
1.66, 901
1.68, 901
1.69, 901
1.71, 901
1.73, 901
1.74, 901
1.76, 901
1.77, 901
1.79, 901
1.8, 901
1.82, 901
1.83, 901
1.85, 901
1.86, 901
1.88, 901
1.9, 901
1.91, 901
1.93, 901
1.94, 901
1.96, 901
1.98, 901
1.99, 901
2.01, 901
2.02, 901
2.04, 901
2.05, 901
2.07, 901
2.09, 901
2.11, 901
2.12, 901
2.14, 901
2.16, 901
2.17, 901
2.19, 901
2.2, 901
2.22, 901
2.23, 901
2.25, 901
2.27, 901
2.28, 901
2.3, 901
2.31, 901
2.33, 901
2.35, 901
2.36, 901
2.38, 901
2.4, 901
2.41, 901
2.43, 901
2.45, 901
2.47, 901
2.48, 901
2.5, 901
2.52, 901
2.54, 901
2.56, 901
2.58, 900
2.59, 900
2.61, 900
2.62, 900
2.64, 900
2.65, 900
2.67, 900
2.68, 900
2.7, 900
2.71, 900
2.73, 900
2.75, 900
2.76, 899
2.78, 899
2.79, 899
2.81, 899
2.82, 899
2.84, 899
2.86, 899
2.87, 899
2.89, 899
2.91, 899
2.92, 899
2.94, 899
2.96, 899
2.98, 899
2.99, 899
3.01, 899
3.03, 899
3.04, 899
3.06, 899
3.07, 899
3.09, 899
3.11, 899
3.12, 899
3.14, 899
3.15, 899
3.17, 899
3.19, 899
3.2, 899
3.22, 899
3.24, 899
3.26, 899
3.27, 899
3.29, 899
3.31, 899
3.32, 899
3.34, 899
3.36, 899
3.37, 899
3.38, 899
3.4, 899
3.42, 899
3.44, 899
3.45, 899
3.47, 899
3.49, 899
3.5, 899
3.52, 899
3.53, 899
3.55, 899
3.57, 899
3.58, 899
3.6, 899
3.61, 899
3.63, 899
3.65, 899
3.66, 899
3.68, 899
3.69, 899
3.71, 899
3.72, 899
3.73, 899
3.75, 899
3.77, 899
3.79, 899
3.8, 899
3.82, 899
3.83, 899
3.85, 899
3.86, 899
3.88, 899
3.89, 899
3.91, 899
3.92, 899
3.94, 899
3.95, 899
3.97, 899
3.98, 899
4.0, 899
4.01, 899
4.03, 899
4.05, 899
4.07, 899
4.08, 899
4.1, 899
4.12, 899
4.13, 899
4.15, 899
4.16, 899
4.18, 899
4.2, 899
4.21, 899
4.23, 899
4.24, 899
4.26, 899
4.28, 899
4.29, 899
4.31, 899
4.33, 899
4.34, 899
4.36, 899
4.38, 899
4.39, 899
4.41, 899
4.42, 899
4.44, 899
4.45, 899
4.46, 899
4.48, 899
4.5, 899
4.52, 899
4.53, 899
4.55, 899
4.57, 899
4.58, 899
4.6, 899
4.61, 899
4.63, 899
4.65, 899
4.67, 899
4.68, 899
4.7, 899
4.71, 899
4.73, 899
4.74, 899
4.76, 899
4.78, 899
4.79, 899
4.81, 899
4.83, 899
4.84, 899
4.86, 899
4.88, 899
4.89, 899
4.91, 899
4.92, 899
4.94, 899
4.95, 899
4.97, 899
4.98, 899
5.0, 899
5.02, 899
5.03, 899
5.05, 899
5.06, 899
5.08, 899
5.1, 899
5.11, 899
5.13, 899
5.15, 899
5.16, 899
5.18, 899
5.19, 899
5.21, 899
5.22, 899
5.24, 899
5.26, 899
5.28, 899
5.29, 899
5.31, 899
5.32, 899
5.34, 899
5.35, 899
5.37, 899
5.39, 899
5.4, 899
5.42, 899
5.43, 899
5.45, 899
5.47, 899
5.48, 899
5.5, 899
5.51, 899
5.53, 899
5.55, 899
5.56, 899
5.58, 899
5.59, 899
5.61, 899
5.63, 899
5.64, 899
5.66, 899
5.67, 899
5.69, 899
5.7, 899
5.72, 899
5.73, 899
5.75, 899
5.76, 899
5.78, 899
5.8, 899
5.81, 899
5.83, 899
5.84, 899
5.86, 899
5.87, 899
5.88, 899
5.9, 899
5.92, 899
5.93, 899
5.95, 899
5.96, 899
5.98, 899
5.99, 899
6.01, 899
6.03, 899
6.04, 899
6.06, 899
6.08, 899
6.09, 899
6.11, 899
6.13, 899
6.14, 899
6.16, 899
6.17, 899
6.19, 899
6.2, 899
6.22, 899
6.24, 899
6.25, 899
6.27, 899
6.28, 899
6.3, 899
6.31, 899
6.33, 899
6.34, 899
6.36, 899
6.37, 899
6.39, 899
6.4, 899
6.42, 899
6.44, 899
6.45, 899
6.46, 899
6.48, 899
6.49, 899
6.51, 899
6.53, 899
6.54, 899
6.56, 899
6.57, 899
6.59, 899
6.6, 899
6.61, 899
6.63, 899
6.65, 899
6.66, 899
6.68, 899
6.69, 899
6.71, 899
6.72, 899
6.73, 899
6.75, 899
6.76, 899
6.77, 899
6.79, 899
6.81, 899
6.82, 899
6.84, 899
6.85, 899
6.87, 899
6.88, 899
6.9, 899
6.92, 899
6.93, 899
6.95, 899
6.96, 899
6.97, 899
6.99, 899
7.01, 899
7.02, 899
7.04, 899
7.06, 899
7.07, 899
7.09, 899
7.11, 899
7.12, 899
7.13, 899
7.15, 899
7.16, 899
7.18, 899
7.19, 899
7.21, 899
7.22, 899
7.23, 899
7.25, 899
7.27, 899
7.28, 899
7.29, 899
7.32, 899
7.33, 899
7.35, 899
7.36, 899
7.37, 899
7.39, 899
7.4, 899
7.41, 899
7.43, 899
7.45, 899
7.46, 899
7.48, 899
7.49, 899
7.51, 899
7.52, 899
7.54, 899
7.56, 899
7.58, 899
7.59, 899
7.6, 899
7.62, 899
7.64, 899
7.65, 899
7.67, 899
7.68, 899
7.7, 899
7.71, 899
7.73, 899
7.74, 899
7.76, 899
7.77, 899
7.78, 899
7.8, 899
7.82, 899
7.83, 899
7.85, 899
7.86, 899
7.88, 899
7.89, 899
7.9, 899
7.92, 899
7.93, 899
7.94, 899
7.96, 899
7.97, 899
7.99, 899
8.0, 899
8.02, 899
8.03, 899
8.05, 899
8.06, 899
8.07, 899
8.09, 899
8.1, 899
8.12, 899
8.13, 899
8.15, 899
8.16, 899
8.18, 899
8.19, 899
8.2, 899
8.22, 899
8.23, 899
8.25, 899
8.26, 899
8.28, 899
8.29, 899
8.31, 899
8.32, 899
8.34, 899
8.35, 899
8.36, 899
8.38, 899
8.39, 899
8.4, 899
8.42, 899
8.43, 899
8.45, 899
8.46, 899
8.47, 899
8.49, 899
8.5, 899
8.52, 899
8.53, 899
8.55, 899
8.56, 899
8.58, 899
8.59, 899
8.61, 899
8.62, 899
8.64, 899
8.65, 899
8.67, 899
8.68, 899
8.7, 899
8.71, 899
8.73, 899
8.74, 899
8.76, 899
8.77, 899
8.78, 899
8.8, 899
8.81, 899
8.83, 899
8.85, 899
8.86, 899
8.87, 899
8.89, 899
8.9, 899
8.91, 899
8.93, 899
8.94, 899
8.96, 899
8.97, 899
8.98, 899
9.0, 899
9.01, 899
9.03, 899
9.04, 899
9.06, 899
9.07, 899
9.09, 899
9.1, 899
9.12, 899
9.13, 899
9.14, 899
9.16, 899
9.17, 899
9.19, 899
9.2, 899
9.22, 899
9.23, 899
9.25, 899
9.26, 899
9.28, 899
9.29, 899
9.3, 899
9.32, 899
9.33, 899
9.35, 899
9.36, 899
9.38, 899
9.39, 899
9.4, 899
9.42, 899
9.43, 899
9.45, 899
9.46, 899
9.47, 899
9.49, 899
9.51, 899
9.52, 899
9.53, 899
9.55, 899
9.56, 899
9.57, 899
9.59, 899
9.6, 899
9.62, 899
9.63, 899
9.65, 899
9.66, 899
9.68, 899
9.69, 899
9.71, 899
9.72, 899
9.74, 899
9.75, 899
9.77, 899
9.78, 899
9.8, 899
9.82, 899
9.83, 899
9.85, 899
9.86, 899
9.88, 899
9.89, 899
9.91, 899
9.92, 899
9.94, 899
9.95, 899
9.96, 899
9.98, 899
9.99, 899
10.01, 899
10.02, 899
10.03, 899
10.05, 899
10.06, 899
10.08, 899
10.1, 899
10.11, 899
10.13, 899
10.14, 899
10.16, 899
10.17, 899
10.18, 899
10.2, 899
10.21, 899
10.23, 899
10.24, 899
10.26, 899
10.27, 899
10.28, 899
10.3, 899
10.31, 899
10.33, 899
10.34, 899
10.36, 899
10.37, 899
10.39, 899
10.4, 899
10.42, 899
10.43, 899
10.44, 899
10.46, 899
10.47, 899
10.49, 899
10.5, 899
10.52, 899
10.53, 899
10.54, 899
10.56, 899
10.57, 899
10.59, 899
10.6, 899
10.62, 899
10.63, 899
10.64, 899
10.66, 899
10.67, 899
10.68, 899
10.7, 899
10.71, 899