0.12, 899
0.13, 899
0.14, 899
0.16, 899
0.17, 899
0.19, 899
0.21, 900
0.22, 900
0.23, 900
0.25, 900
0.26, 900
0.28, 901
0.29, 901
0.31, 901
0.33, 902
0.34, 902
0.36, 902
0.37, 902
0.38, 903
0.4, 903
0.41, 903
0.43, 903
0.44, 903
0.46, 903
0.47, 903
0.49, 903
0.5, 903
0.51, 903
0.53, 903
0.54, 904
0.56, 904
0.57, 904
0.58, 904
0.6, 904
0.61, 904
0.63, 904
0.64, 904
0.66, 904
0.67, 904
0.69, 904
0.7, 904
0.71, 904
0.73, 904
0.74, 904
0.76, 904
0.77, 904
0.79, 904
0.8, 905
0.82, 905
0.83, 905
0.85, 905
0.86, 905
0.87, 905
0.89, 905
0.9, 905
0.92, 905
0.93, 905
0.94, 905
0.96, 905
0.97, 905
0.98, 905
1.0, 905
1.01, 905
1.03, 905
1.04, 905
1.06, 905
1.07, 905
1.08, 905
1.09, 905
1.11, 905
1.12, 905
1.14, 905
1.15, 905
1.17, 905
1.18, 905
1.19, 905
1.21, 905
1.22, 905
1.24, 905
1.25, 905
1.26, 905
1.28, 906
1.29, 906
1.31, 906
1.32, 906
1.33, 906
1.35, 906
1.36, 906
1.38, 906
1.39, 906
1.4, 906
1.42, 906
1.44, 906
1.45, 906
1.47, 906
1.48, 906
1.49, 906
1.51, 906
1.52, 906
1.54, 906
1.55, 906
1.56, 906
1.58, 906
1.59, 906
1.61, 906
1.62, 906
1.63, 905
1.65, 905
1.66, 905
1.68, 905
1.69, 905
1.71, 905
1.72, 905
1.74, 905
1.75, 905
1.76, 905
1.78, 905
1.79, 905
1.81, 905
1.82, 905
1.84, 905
1.85, 905
1.86, 905
1.88, 905
1.89, 904
1.9, 904
1.92, 904
1.93, 904
1.95, 904
1.96, 904
1.98, 904
1.99, 904
2.01, 904
2.02, 904
2.04, 904
2.05, 904
2.06, 904
2.08, 904
2.09, 904
2.1, 904
2.12, 904
2.13, 904
2.15, 904
2.16, 904
2.18, 904
2.19, 904
2.2, 904
2.22, 904
2.23, 904
2.25, 904
2.26, 904
2.27, 904
2.29, 904
2.3, 904
2.32, 904
2.33, 903
2.35, 903
2.36, 903
2.38, 903
2.39, 903
2.41, 903
2.42, 903
2.44, 903
2.45, 903
2.46, 903
2.48, 903
2.49, 903
2.5, 903
2.52, 903
2.53, 903
2.55, 903
2.56, 903
2.57, 903
2.59, 903
2.6, 903
2.61, 903
2.63, 903
2.64, 903
2.65, 903
2.67, 903
2.68, 903
2.69, 903
2.71, 903
2.72, 903
2.73, 903
2.75, 903
2.76, 903
2.77, 903
2.79, 903
2.81, 903
2.82, 903
2.83, 903
2.85, 903
2.86, 903
2.88, 903
2.89, 903
2.91, 903
2.92, 903
2.93, 903
2.95, 903
2.96, 903
2.98, 903
2.99, 903
3.0, 903
3.02, 903
3.03, 903
3.04, 903
3.06, 903
3.07, 903
3.09, 903
3.1, 903
3.11, 903
3.13, 903
3.14, 903
3.15, 903
3.17, 903
3.18, 903
3.2, 903
3.21, 903
3.23, 903
3.24, 903
3.25, 903
3.27, 903
3.28, 903
3.3, 902
3.31, 902
3.32, 902
3.34, 902
3.35, 902
3.36, 902
3.38, 902
3.39, 902
3.41, 902
3.42, 902
3.44, 902
3.45, 902
3.46, 902
3.48, 902
3.49, 902
3.51, 902
3.52, 902
3.53, 902
3.55, 902
3.56, 902
3.58, 902
3.6, 902
3.61, 902
3.63, 902
3.64, 902
3.65, 902
3.67, 902
3.68, 902
3.7, 902
3.71, 902
3.73, 902
3.74, 902
3.76, 902
3.77, 902
3.79, 902
3.8, 902
3.82, 902
3.83, 902
3.85, 902
3.87, 902
3.88, 902
3.9, 902
3.91, 902
3.93, 902
3.94, 902
3.96, 902
3.97, 902
3.98, 902
4.0, 902
4.01, 902
4.03, 902
4.04, 902
4.06, 902
4.07, 902
4.08, 902
4.1, 902
4.11, 902
4.13, 902
4.14, 902
4.16, 902
4.17, 902
4.19, 902
4.2, 902
4.21, 902
4.23, 902
4.25, 902
4.26, 902
4.28, 902
4.29, 902
4.3, 902
4.32, 902
4.33, 902
4.34, 902
4.36, 902
4.37, 902
4.38, 902
4.4, 902
4.41, 902
4.43, 902
4.44, 902
4.46, 902
4.47, 902
4.48, 902
4.5, 902
4.51, 902
4.53, 902
4.54, 902
4.55, 902
4.57, 902
4.58, 902
4.6, 902
4.61, 902
4.63, 902
4.64, 902
4.66, 902
4.67, 902
4.68, 902
4.7, 902
4.72, 902
4.73, 902
4.74, 902
4.76, 902
4.78, 902
4.79, 902
4.81, 902
4.82, 902
4.83, 902
4.85, 902
4.86, 902
4.88, 902
4.89, 902
4.91, 902
4.92, 902
4.93, 902
4.95, 902
4.96, 902
4.98, 902
4.99, 902
5.0, 902
5.02, 902
5.03, 902
5.05, 902
5.06, 902
5.07, 902
5.09, 902
5.1, 902
5.12, 902
5.13, 902
5.14, 902
5.16, 902
5.17, 902
5.18, 902
5.2, 902
5.21, 902
5.22, 902
5.24, 902
5.25, 902
5.27, 902
5.28, 902
5.29, 902
5.31, 902
5.32, 902
5.33, 902
5.35, 902
5.36, 902
5.38, 902
5.39, 902
5.4, 902
5.42, 902
5.43, 902
5.44, 902
5.46, 902
5.47, 902
5.48, 902
5.5, 902
5.51, 902
5.53, 902
5.54, 902
5.55, 902
5.57, 902
5.58, 902
5.59, 902
5.61, 902
5.62, 902
5.64, 902
5.65, 902
5.66, 902
5.68, 902
5.69, 902
5.71, 902
5.72, 902
5.73, 902
5.75, 902
5.76, 902
5.77, 902
5.79, 902
5.8, 902
5.81, 902
5.83, 902
5.84, 902
5.86, 902
5.87, 902
5.89, 902
5.9, 902
5.91, 902
5.93, 902
5.94, 902
5.95, 901
5.97, 901
5.98, 901
6.0, 901
6.01, 901
6.02, 901
6.04, 901
6.05, 901
6.06, 901
6.08, 901
6.09, 901
6.1, 901
6.12, 901
6.13, 901
6.15, 901
6.16, 901
6.17, 901
6.19, 901
6.2, 901
6.22, 901
6.24, 901
6.25, 901
6.26, 901
6.28, 901
6.29, 901
6.3, 901
6.32, 901
6.33, 901
6.34, 901
6.36, 901
6.37, 901
6.38, 901
6.4, 901
6.41, 901
6.43, 901
6.44, 901
6.45, 901
6.47, 901
6.48, 901
6.5, 901
6.51, 901
6.52, 901
6.54, 901
6.55, 901
6.56, 901
6.58, 901
6.6, 901
6.61, 901
6.63, 901
6.64, 901
6.66, 901
6.67, 901
6.69, 901
6.7, 901
6.71, 901
6.73, 901
6.74, 901
6.75, 901
6.77, 901
6.78, 901
6.8, 901
6.81, 901
6.83, 901
6.84, 901
6.85, 901
6.87, 901
6.88, 901
6.9, 901
6.91, 901
6.92, 901
6.94, 901
6.95, 901
6.96, 901
6.98, 901
6.99, 901
7.0, 901
7.02, 901
7.03, 901
7.04, 901
7.06, 901
7.07, 901
7.09, 901
7.1, 901
7.12, 901
7.14, 901
7.15, 901
7.16, 901
7.18, 901
7.19, 901
7.2, 901
7.22, 901
7.23, 901
7.24, 901
7.26, 901
7.27, 901
7.28, 901
7.3, 901
7.32, 901
7.33, 901
7.34, 901
7.36, 901
7.37, 901
7.39, 901
7.4, 901
7.41, 901
7.43, 901
7.44, 901
7.46, 901
7.47, 901
7.49, 901
7.5, 901
7.52, 901
7.53, 901
7.54, 901
7.56, 901
7.57, 901
7.59, 901
7.6, 901
7.61, 901
7.63, 901
7.64, 901
7.65, 901
7.67, 901
7.68, 901
7.7, 901
7.71, 901
7.73, 901
7.74, 901
7.76, 901
7.77, 901
7.79, 901
7.81, 901
7.82, 901
7.83, 901
7.85, 901
7.86, 901
7.88, 901
7.89, 901
7.91, 901
7.92, 901
7.93, 901
7.95, 901
7.96, 901
7.98, 901
8.0, 901
8.01, 901
8.03, 901
8.04, 901
8.06, 901
8.07, 901
8.08, 901
8.1, 901
8.12, 901
8.13, 901
8.15, 901
8.16, 901
8.17, 901
8.19, 901
8.2, 901
8.22, 901
8.23, 901
8.25, 901
8.26, 901
8.27, 901
8.29, 901
8.3, 901
8.31, 901
8.32, 901
8.34, 901
8.36, 901
8.37, 901
8.39, 901
8.4, 901
8.42, 901
8.43, 901
8.45, 901
8.46, 901
8.47, 901
8.49, 901
8.5, 901
8.51, 901
8.53, 901
8.54, 901
8.56, 901
8.58, 901
8.59, 901
8.6, 901
8.62, 901
8.63, 901
8.65, 901
8.66, 901
8.67, 901
8.69, 901
8.7, 901
8.72, 901
8.73, 901
8.75, 901
8.76, 901
8.77, 901
8.79, 901
8.8, 901
8.82, 901
8.83, 901
8.85, 901
8.86, 901
8.87, 901
8.89, 901
8.9, 901
8.92, 901
8.93, 901
8.95, 901
8.96, 901
8.97, 900
8.99, 900
9.0, 900
9.01, 900
9.03, 900
9.04, 900
9.06, 900
9.07, 900
9.08, 900
9.1, 900
9.11, 900
9.13, 900
9.14, 900
9.16, 900
9.17, 900
9.18, 900
9.2, 900
9.21, 900
9.23, 900
9.24, 900
9.25, 900
9.27, 900
9.28, 900
9.3, 900
9.31, 900
9.33, 900
9.34, 900
9.35, 900
9.37, 900
9.38, 900
9.4, 900
9.41, 900
9.43, 900
9.45, 900
9.46, 900
9.48, 900
9.49, 900
9.5, 900
9.52, 900
9.53, 900
9.55, 900
9.56, 900
9.58, 900
9.59, 900
9.61, 900
9.62, 900
9.63, 900
9.65, 900
9.67, 900
9.68, 900
9.69, 900
9.71, 900
9.72, 900
9.74, 900
9.75, 900
9.76, 900
9.78, 900
9.8, 900
9.81, 900
9.82, 900
9.84, 900
9.85, 900
9.86, 900
9.88, 900
9.89, 900