0.13, 899
0.14, 899
0.16, 899
0.17, 899
0.19, 899
0.21, 899
0.22, 899
0.24, 899
0.25, 899
0.27, 899
0.29, 899
0.3, 899
0.32, 900
0.33, 900
0.35, 900
0.37, 900
0.38, 900
0.4, 900
0.41, 900
0.43, 900
0.44, 900
0.46, 900
0.47, 900
0.49, 900
0.5, 900
0.52, 900
0.53, 900
0.55, 900
0.56, 900
0.58, 900
0.59, 900
0.61, 900
0.63, 900
0.64, 900
0.66, 900
0.67, 900
0.69, 900
0.7, 900
0.72, 900
0.73, 900
0.75, 900
0.76, 900
0.78, 900
0.79, 900
0.81, 900
0.82, 900
0.84, 900
0.85, 900
0.87, 900
0.88, 900
0.9, 900
0.91, 900
0.93, 900
0.94, 900
0.96, 900
0.97, 900
0.99, 900
1.0, 900
1.02, 900
1.04, 900
1.05, 900
1.07, 900
1.09, 900
1.1, 900
1.12, 900
1.13, 900
1.15, 900
1.16, 900
1.18, 900
1.2, 900
1.22, 900
1.23, 900
1.25, 900
1.26, 901
1.28, 901
1.29, 901
1.31, 901
1.32, 901
1.34, 901
1.35, 901
1.37, 901
1.38, 901
1.4, 901
1.41, 901
1.43, 901
1.44, 901
1.46, 901
1.47, 901
1.49, 901
1.5, 901
1.52, 901
1.54, 901
1.55, 901
1.57, 901
1.58, 901
1.6, 901
1.61, 901
1.63, 901
1.64, 901
1.66, 901
1.68, 901
1.7, 901
1.71, 901
1.73, 901
1.74, 901
1.76, 901
1.78, 901
1.79, 901
1.8, 901
1.82, 901
1.84, 901
1.85, 901
1.87, 901
1.88, 901
1.9, 901
1.91, 901
1.93, 901
1.94, 901
1.96, 901
1.97, 901
1.99, 901
2.0, 901
2.02, 901
2.03, 901
2.05, 901
2.06, 901
2.08, 901
2.09, 901
2.11, 901
2.12, 901
2.14, 901
2.15, 901
2.17, 901
2.18, 901
2.2, 901
2.22, 901
2.23, 901
2.25, 901
2.26, 901
2.28, 902
2.29, 902
2.31, 902
2.32, 902
2.34, 902
2.36, 902
2.37, 902
2.39, 902
2.4, 902
2.42, 902
2.43, 902
2.44, 902
2.46, 902
2.48, 902
2.49, 902
2.51, 902
2.52, 902
2.53, 902
2.55, 902
2.56, 902
2.58, 902
2.59, 902
2.61, 902
2.62, 902
2.63, 902
2.65, 902
2.66, 902
2.68, 902
2.69, 902
2.71, 902
2.72, 902
2.74, 902
2.75, 902
2.77, 902
2.78, 902
2.8, 902
2.81, 902
2.83, 902
2.84, 902
2.86, 902
2.88, 902
2.89, 902
2.9, 902
2.92, 902
2.93, 902
2.95, 902
2.96, 902
2.97, 902
2.99, 902
3.0, 902
3.02, 902
3.04, 902
3.05, 902
3.07, 902
3.08, 902
3.1, 902
3.11, 902
3.12, 902
3.14, 902
3.16, 902
3.17, 902
3.19, 902
3.2, 902
3.22, 902
3.23, 902
3.25, 902
3.26, 902
3.28, 902
3.29, 902
3.31, 902
3.32, 902
3.34, 902
3.35, 902
3.37, 902
3.38, 902
3.4, 902
3.41, 902
3.43, 902
3.44, 902
3.46, 902
3.47, 902
3.49, 902
3.5, 902
3.51, 902
3.53, 902
3.54, 902
3.56, 902
3.57, 902
3.58, 902
3.6, 902
3.61, 902
3.63, 902
3.64, 902
3.66, 902
3.67, 902
3.69, 902
3.7, 902
3.72, 902
3.73, 902
3.74, 902
3.76, 902
3.77, 902
3.79, 902
3.8, 901
3.82, 901
3.83, 901
3.84, 901
3.86, 901
3.87, 901
3.89, 901
3.9, 901
3.92, 901
3.94, 901
3.95, 901
3.96, 901
3.98, 901
3.99, 901
4.01, 901
4.02, 901
4.04, 901
4.05, 901
4.07, 901
4.08, 901
4.1, 901
4.11, 901
4.13, 901
4.14, 901
4.15, 901
4.17, 901
4.18, 901
4.2, 901
4.21, 901
4.22, 901
4.24, 901
4.25, 901
4.26, 901
4.28, 901
4.3, 901
4.31, 901
4.33, 901
4.34, 901
4.35, 901
4.37, 901
4.38, 901
4.4, 901
4.41, 901
4.43, 901
4.44, 901
4.46, 901
4.48, 901
4.49, 901
4.5, 901
4.52, 901
4.54, 901
4.55, 901
4.57, 901
4.58, 901
4.6, 901
4.61, 901
4.63, 901
4.65, 901
4.66, 901
4.68, 901
4.69, 901
4.71, 901
4.72, 901
4.74, 901
4.75, 901
4.77, 901
4.78, 901
4.8, 901
4.81, 901
4.82, 901
4.84, 901
4.85, 901
4.87, 901
4.88, 901
4.9, 901
4.91, 901
4.92, 901
4.94, 901
4.95, 901
4.96, 901
4.98, 901
5.0, 901
5.01, 901
5.02, 901
5.04, 901
5.05, 901
5.07, 901
5.08, 901
5.1, 901
5.11, 901
5.13, 901
5.14, 901
5.15, 901
5.17, 901
5.18, 901
5.2, 901
5.21, 901
5.23, 901
5.24, 901
5.25, 901
5.27, 901
5.28, 901
5.3, 901
5.31, 901
5.33, 901
5.34, 901
5.35, 901
5.37, 901
5.39, 901
5.4, 901
5.42, 901
5.44, 901
5.45, 901
5.47, 901
5.48, 901
5.5, 901
5.51, 901
5.53, 901
5.54, 901
5.56, 901
5.57, 901
5.59, 901
5.6, 901
5.62, 901
5.64, 901
5.65, 901
5.66, 901
5.68, 901
5.7, 901
5.71, 901
5.73, 901
5.74, 901
5.75, 901
5.77, 901
5.78, 901
5.8, 901
5.81, 901
5.82, 901
5.84, 901
5.85, 901
5.87, 901
5.89, 901
5.9, 901
5.92, 901
5.93, 901
5.95, 901
5.96, 901
5.97, 901
5.98, 901
6.0, 901
6.02, 901
6.03, 901
6.05, 901
6.06, 901
6.07, 901
6.09, 901
6.1, 901
6.12, 901
6.13, 901
6.15, 901
6.16, 901
6.18, 901
6.19, 901
6.21, 901
6.22, 901
6.24, 901
6.26, 901
6.27, 901
6.29, 901
6.3, 901
6.31, 901
6.33, 901
6.34, 901
6.36, 901
6.37, 901
6.39, 901
6.4, 901
6.42, 901
6.43, 901
6.45, 901
6.46, 901
6.48, 901
6.49, 901
6.5, 901
6.52, 901
6.53, 901
6.55, 901
6.56, 901
6.57, 901
6.59, 901
6.6, 901
6.62, 901
6.63, 901
6.65, 901
6.66, 901
6.68, 901
6.69, 901
6.71, 901
6.72, 901
6.73, 901
6.75, 901
6.76, 901
6.78, 901
6.79, 901
6.81, 901
6.82, 901
6.83, 901
6.85, 901
6.86, 901
6.88, 901
6.89, 901
6.9, 901
6.92, 901
6.93, 901
6.95, 901
6.96, 901
6.97, 901
6.98, 901
7.0, 901
7.01, 901
7.02, 901
7.04, 901
7.05, 901
7.07, 901
7.08, 901
7.1, 901
7.11, 901
7.12, 901
7.14, 901
7.15, 901
7.16, 901
7.18, 901
7.19, 901
7.2, 901
7.22, 901
7.24, 901
7.25, 901
7.26, 901
7.28, 901
7.29, 901
7.3, 901
7.32, 901
7.34, 901
7.35, 901
7.37, 901
7.38, 901
7.4, 901
7.41, 901
7.42, 901
7.44, 901
7.45, 901
7.47, 901
7.48, 901
7.5, 901
7.51, 901
7.53, 901
7.54, 901
7.55, 901
7.57, 901
7.58, 901
7.6, 901
7.61, 901
7.63, 901
7.64, 901
7.66, 901
7.67, 901
7.68, 901
7.7, 901
7.72, 901
7.73, 901
7.75, 901
7.76, 901
7.77, 901
7.79, 901
7.8, 901
7.82, 901
7.83, 901
7.85, 901
7.86, 900
7.87, 900
7.89, 900
7.9, 900
7.91, 900
7.93, 900
7.94, 900
7.95, 900
7.97, 900
7.98, 900
8.0, 900
8.01, 900
8.02, 900
8.04, 900
8.05, 900
8.06, 900
8.08, 900
8.09, 900
8.11, 900
8.12, 900
8.14, 900
8.15, 900
8.16, 900
8.18, 900
8.2, 900
8.21, 900
8.23, 900
8.24, 900
8.25, 900
8.27, 900
8.29, 900
8.3, 900
8.32, 900
8.33, 899
8.34, 899
8.36, 899
8.37, 899
8.38, 899
8.4, 899
8.41, 899
8.43, 899
8.44, 899
8.45, 899
8.47, 899
8.48, 899
8.49, 899
8.5, 899
8.52, 899
8.53, 899
8.55, 899
8.56, 899
8.57, 899
8.59, 899
8.6, 899
8.62, 899
8.63, 899
8.65, 899
8.66, 899
8.67, 899
8.69, 899
8.7, 899
8.72, 899
8.73, 899
8.75, 899
8.76, 899
8.77, 899
8.79, 899
8.8, 899
8.81, 899
8.83, 899
8.84, 899
8.86, 899
8.87, 899
8.89, 899
8.9, 899
8.91, 899
8.93, 899
8.94, 899
8.96, 899
8.97, 899
8.99, 899
9.0, 899
9.01, 899
9.03, 899
9.04, 899
9.06, 899
9.07, 899
9.08, 899
9.1, 899
9.11, 899
9.13, 899
9.15, 899
9.16, 899
9.18, 899
9.19, 899
9.2, 899
9.22, 899
9.23, 899
9.25, 899
9.26, 899
9.28, 899
9.29, 899
9.3, 899
9.32, 899
9.33, 899
9.34, 899
9.36, 899
9.37, 899
9.39, 899
9.4, 899
9.42, 899
9.43, 899
9.44, 899
9.46, 899
9.48, 899
9.49, 899
9.51, 899
9.52, 899
9.54, 899
9.55, 899
9.56, 899
9.58, 899
9.59, 899
9.61, 899
9.62, 899
9.63, 899
9.65, 899
9.66, 899
9.68, 899
9.69, 899
9.71, 899
9.72, 899
9.74, 899
9.75, 899
9.76, 899
9.78, 899
9.79, 899
9.8, 899
9.82, 899
9.83, 899
9.85, 899
9.86, 899
9.88, 899
9.89, 899
9.91, 899
9.92, 899
9.93, 899
9.95, 899
9.96, 899
9.98, 899
9.99, 899
10.01, 899
10.02, 899
10.03, 899
10.05, 899
10.06, 899
10.07, 899
10.09, 899
10.1, 899
10.12, 899
10.13, 899
10.15, 899
10.16, 899
10.18, 899
10.19, 899
10.2, 899
10.22, 899
10.23, 899