0.12, 899
0.14, 899
0.15, 899
0.16, 899
0.18, 899
0.2, 899
0.21, 899
0.23, 899
0.24, 900
0.25, 900
0.27, 900
0.29, 901
0.3, 901
0.31, 901
0.33, 901
0.34, 901
0.36, 901
0.37, 901
0.39, 901
0.4, 901
0.42, 901
0.43, 901
0.45, 901
0.46, 901
0.47, 901
0.49, 901
0.5, 901
0.52, 901
0.53, 900
0.54, 900
0.56, 900
0.58, 900
0.59, 900
0.61, 900
0.62, 900
0.64, 900
0.65, 900
0.67, 900
0.69, 900
0.71, 900
0.72, 900
0.74, 900
0.75, 900
0.77, 900
0.78, 900
0.8, 900
0.81, 900
0.82, 901
0.84, 901
0.85, 901
0.87, 901
0.88, 901
0.9, 901
0.91, 901
0.93, 901
0.94, 901
0.96, 901
0.97, 901
0.99, 900
1.01, 900
1.02, 900
1.03, 900
1.05, 900
1.06, 900
1.08, 900
1.09, 900
1.11, 900
1.12, 900
1.14, 900
1.15, 900
1.17, 900
1.18, 900
1.19, 900
1.21, 900
1.22, 900
1.24, 900
1.25, 900
1.26, 900
1.28, 900
1.29, 900
1.31, 900
1.32, 900
1.34, 900
1.35, 900
1.36, 900
1.38, 900
1.39, 900
1.4, 900
1.42, 900
1.44, 900
1.45, 900
1.47, 900
1.48, 900
1.5, 900
1.51, 900
1.53, 900
1.54, 900
1.56, 900
1.57, 900
1.59, 900
1.6, 900
1.62, 900
1.63, 900
1.65, 900
1.66, 900
1.68, 900
1.69, 900
1.71, 900
1.72, 900
1.74, 900
1.76, 900
1.77, 900
1.79, 900
1.8, 900
1.81, 900
1.83, 900
1.84, 900
1.86, 900
1.87, 900
1.89, 900
1.9, 900
1.92, 900
1.93, 900
1.95, 900
1.96, 900
1.98, 900
1.99, 900
2.01, 900
2.02, 900
2.04, 900
2.05, 900
2.07, 900
2.08, 900
2.1, 900
2.11, 900
2.12, 900
2.14, 900
2.15, 900
2.17, 900
2.18, 900
2.2, 900
2.21, 900
2.22, 900
2.24, 900
2.25, 899
2.27, 899
2.28, 899
2.3, 899
2.31, 899
2.33, 899
2.34, 899
2.36, 899
2.37, 899
2.39, 899
2.4, 899
2.42, 899
2.43, 899
2.45, 899
2.46, 899
2.48, 899
2.49, 899
2.51, 899
2.52, 899
2.53, 899
2.55, 899
2.56, 899
2.58, 899
2.59, 899
2.6, 899
2.62, 899
2.63, 899
2.64, 899
2.66, 899
2.67, 899
2.69, 899
2.7, 899
2.71, 899
2.73, 899
2.74, 899
2.76, 899
2.77, 899
2.78, 899
2.8, 899
2.81, 899
2.82, 899
2.84, 899
2.86, 899
2.87, 899
2.88, 899
2.9, 899
2.91, 899
2.93, 899
2.94, 899
2.96, 899
2.97, 899
2.98, 899
3.0, 899
3.01, 899
3.02, 899
3.04, 899
3.06, 899
3.07, 899
3.09, 899
3.1, 899
3.12, 899
3.14, 899
3.15, 899
3.17, 899
3.18, 899
3.19, 899
3.21, 899
3.22, 899
3.24, 899
3.25, 899
3.27, 899
3.28, 899
3.3, 899
3.31, 899
3.32, 899
3.34, 899
3.35, 899
3.37, 899
3.38, 899
3.4, 899
3.41, 899
3.43, 899
3.44, 899
3.46, 899
3.47, 899
3.49, 899
3.5, 899
3.52, 899
3.53, 899
3.54, 899
3.56, 899
3.57, 899
3.58, 899
3.6, 899
3.61, 899
3.63, 899
3.64, 899
3.66, 899
3.67, 899
3.69, 899
3.71, 899
3.72, 899
3.74, 899
3.75, 899
3.77, 899
3.78, 899
3.8, 899
3.81, 899
3.82, 899
3.84, 899
3.85, 899
3.86, 899
3.88, 899
3.89, 899
3.91, 899
3.92, 899
3.93, 899
3.95, 899
3.96, 899
3.98, 899
3.99, 899
4.01, 899
4.02, 899
4.04, 899
4.05, 899
4.06, 899
4.08, 899
4.09, 899
4.1, 899
4.12, 899
4.13, 899
4.14, 899
4.16, 899
4.17, 899
4.18, 899
4.2, 899
4.21, 899
4.22, 899
4.24, 899
4.25, 899
4.27, 899
4.28, 899
4.29, 899
4.31, 899
4.32, 899
4.34, 899
4.35, 899
4.37, 899
4.38, 899
4.39, 899
4.41, 899
4.42, 899
4.44, 899
4.45, 899
4.46, 899
4.48, 899
4.49, 899
4.51, 899
4.52, 899
4.53, 899
4.55, 899
4.56, 899
4.58, 899
4.59, 899
4.6, 899
4.62, 899
4.63, 899
4.65, 899
4.66, 899
4.67, 899
4.69, 899
4.7, 899
4.72, 899
4.73, 899
4.74, 899
4.76, 899
4.77, 899
4.79, 899
4.8, 899
4.82, 899
4.83, 899
4.84, 899
4.86, 899
4.87, 899
4.88, 899
4.9, 899
4.91, 899
4.92, 899
4.94, 899
4.95, 899
4.96, 899
4.98, 899
4.99, 899
5.01, 899
5.02, 899
5.03, 899
5.05, 899
5.06, 899
5.07, 899
5.09, 899
5.1, 899
5.12, 899
5.13, 899
5.14, 899
5.16, 899
5.17, 899
5.18, 899
5.2, 899
5.21, 899
5.22, 899
5.24, 899
5.25, 899
5.27, 899
5.28, 899
5.29, 899
5.31, 899
5.32, 899
5.34, 899
5.35, 899
5.37, 899
5.38, 899
5.39, 899
5.41, 899
5.42, 899
5.43, 899
5.45, 899
5.46, 899
5.47, 899
5.49, 899
5.5, 899
5.52, 899
5.53, 899
5.55, 899
5.56, 899
5.57, 899
5.59, 899
5.6, 900
5.62, 900
5.63, 900
5.64, 900
5.66, 900
5.67, 900
5.69, 900
5.7, 900
5.72, 900
5.73, 900
5.74, 900
5.76, 900
5.77, 900
5.79, 900
5.8, 900
5.81, 900
5.83, 900
5.85, 900
5.86, 900
5.87, 900
5.89, 900
5.9, 900
5.92, 900
5.93, 900
5.95, 900
5.96, 900
5.98, 900
5.99, 900
6.01, 900
6.02, 900
6.03, 900
6.05, 900
6.06, 900
6.07, 900
6.09, 900
6.11, 900
6.12, 900
6.13, 900
6.15, 900
6.16, 900
6.17, 900
6.19, 900
6.2, 900
6.22, 900
6.23, 900
6.24, 900
6.26, 900
6.28, 900
6.29, 900
6.31, 900
6.32, 900
6.34, 900
6.35, 900
6.37, 900
6.38, 900
6.39, 900
6.41, 900
6.42, 900
6.43, 900
6.45, 900
6.46, 900
6.47, 900
6.49, 900
6.51, 900
6.52, 900
6.54, 900
6.55, 900
6.57, 900
6.58, 900
6.59, 900
6.61, 900
6.62, 900
6.64, 900
6.65, 900
6.67, 900
6.68, 900