0.99, 2257
1.85, 2256
2.25, 2255
3.09, 2254
4.35, 2253
4.56, 2252
5.03, 2251
5.86, 2250
6.36, 2249
6.51, 2248
6.9, 2247
12.39, 2246
12.56, 2245
12.93, 2244
14.03, 2243
14.54, 2242
15.36, 2241
15.83, 2240
16.65, 2239
16.69, 2238
18.26, 2237
18.4, 2236
18.9, 2235
19.93, 2234
20.66, 2233
21.57, 2232
27.22, 2231
27.36, 2230
27.52, 2229
28.58, 2228
29.55, 2227
30.31, 2226
30.8, 2225
30.86, 2224
31.24, 2223
32.2, 2222
32.67, 2221
34.17, 2220
36.79, 2219
42.57, 2218
47.36, 2217
53.42, 2216
55.57, 2215
57.07, 2214
68.03, 2213
94.14, 2212
116.62, 2211
117.62, 2210
136.06, 2209
149.64, 2208
160.13, 2207
251.84, 2206
365.69, 2205
402.31, 2204