1.51, 2257
2.57, 2256
2.79, 2255
2.85, 2254
2.89, 2253
2.93, 2252
3.03, 2251
3.1, 2250
3.91, 2249
4.38, 2248
4.78, 2247
5.92, 2246
6.01, 2245
6.82, 2244
8.5, 2243
8.96, 2242
10.39, 2241
11.79, 2240
11.93, 2239
12.11, 2238
12.51, 2237
13.24, 2236
13.58, 2235
15.26, 2234
16.16, 2233
16.65, 2232
18.64, 2231
19.17, 2230
21.05, 2229
22.39, 2228
23.68, 2227
25.46, 2226
29.3, 2225
30.0, 2224
30.81, 2223
30.92, 2222
30.94, 2221
31.52, 2220
32.51, 2219
34.36, 2218
35.72, 2217
38.7, 2216
39.71, 2215
44.81, 2214
46.34, 2213
57.93, 2212
59.46, 2211
66.25, 2210
74.87, 2209
87.94, 2208
89.1, 2207