0.72, 2257
0.73, 2256
0.98, 2255
1.02, 2254
1.26, 2253
1.52, 2252
1.54, 2251
1.56, 2250
1.58, 2249
1.79, 2248
1.83, 2247
1.94, 2246
2.04, 2245
2.09, 2244
2.28, 2243
2.35, 2242
2.37, 2241
2.4, 2240
2.58, 2239
2.65, 2238
2.69, 2237
3.4, 2236
3.6, 2235
3.75, 2234
3.76, 2233
4.08, 2232
4.1, 2231
5.37, 2230
5.58, 2229
6.26, 2228
6.41, 2227
6.96, 2226
8.16, 2225
8.2, 2224
8.31, 2223
8.65, 2222
9.21, 2221
9.4, 2220
9.46, 2219
10.5, 2218
11.28, 2217
11.75, 2216
13.25, 2215
14.34, 2214
14.48, 2213
14.53, 2212
16.68, 2211
25.34, 2210
27.41, 2209
29.27, 2208
44.91, 2207