1.78, 2257
2.4, 2256
2.6, 2255
3.53, 2254
3.84, 2253
5.23, 2252
6.6, 2251
7.33, 2250
7.73, 2249
8.57, 2248
8.94, 2247
10.05, 2246
11.31, 2245
11.42, 2244
11.92, 2243
14.12, 2242
14.82, 2241
14.91, 2240
15.93, 2239
16.07, 2238
16.14, 2237
16.92, 2236
18.11, 2235
19.53, 2234
21.0, 2233
22.22, 2232
23.16, 2231
23.83, 2230
25.16, 2229
25.36, 2228
25.81, 2227
28.37, 2226
28.78, 2225
33.73, 2224
33.74, 2223
34.06, 2222
34.26, 2221
34.79, 2220
36.44, 2219
37.33, 2218
37.94, 2217
44.19, 2216
54.99, 2215
61.82, 2214
65.88, 2213
67.23, 2212
73.61, 2211
76.46, 2210
81.68, 2209
105.99, 2208
128.63, 2207
176.13, 2206
186.6, 2205
208.32, 2204
306.17, 2203