1.1, 2257
1.17, 2256
1.56, 2255
1.75, 2254
2.06, 2253
2.1, 2252
2.13, 2251
2.44, 2250
2.8, 2249
3.03, 2248
3.96, 2247
4.86, 2246
5.99, 2245
6.73, 2244
6.9, 2243
7.59, 2242
9.01, 2241
9.15, 2240
10.59, 2239
11.0, 2238
11.12, 2237
11.42, 2236
11.83, 2235
12.38, 2234
12.6, 2233
12.8, 2232
12.94, 2231
15.33, 2230
17.06, 2229
17.37, 2228
20.7, 2227
20.98, 2226
22.27, 2225
22.68, 2224
26.6, 2223
29.0, 2222
29.25, 2221
29.81, 2220
29.86, 2219
30.51, 2218
35.37, 2217
37.24, 2216
38.35, 2215
38.82, 2214
41.18, 2213
51.95, 2212
54.53, 2211
56.17, 2210
71.91, 2209
85.41, 2208
156.92, 2207
179.98, 2206
219.44, 2205
466.89, 2204
972.11, 2203