1.6, 2257
2.33, 2256
2.74, 2255
3.87, 2254
3.98, 2253
4.12, 2252
4.18, 2251
4.26, 2250
4.64, 2249
5.41, 2248
5.69, 2247
7.32, 2246
7.49, 2245
7.65, 2244
8.3, 2243
9.22, 2242
9.54, 2241
9.68, 2240
9.74, 2239
9.77, 2238
10.5, 2237
11.7, 2236
13.12, 2235
14.23, 2234
14.5, 2233
14.91, 2232
16.72, 2231
17.35, 2230
18.16, 2229
18.97, 2228
19.82, 2227
24.39, 2226
24.82, 2225
27.52, 2224
33.68, 2223
36.85, 2222
37.84, 2221
38.6, 2220
40.33, 2219
42.63, 2218
45.02, 2217
51.67, 2216
57.04, 2215
57.11, 2214
62.37, 2213
63.51, 2212
74.46, 2211
78.72, 2210
84.13, 2209
98.76, 2208
148.44, 2207
168.36, 2206
215.3, 2205
308.84, 2204