1.82, 2257
2.21, 2256
2.28, 2255
3.1, 2254
3.77, 2253
3.91, 2252
4.25, 2251
4.44, 2250
4.71, 2249
5.19, 2248
5.92, 2247
6.17, 2246
6.26, 2245
7.05, 2244
7.39, 2243
7.57, 2242
7.83, 2241
7.89, 2240
7.99, 2239
9.08, 2238
9.18, 2237
9.36, 2236
9.55, 2235
9.61, 2234
9.75, 2233
10.05, 2232
13.43, 2231
13.68, 2230
13.96, 2229
14.1, 2228
14.81, 2227
17.11, 2226
18.52, 2225
27.65, 2224
30.09, 2223
31.45, 2222
31.95, 2221
32.31, 2220
33.13, 2219
33.75, 2218
36.39, 2217
36.77, 2216
40.37, 2215
41.33, 2214
44.5, 2213
45.34, 2212
81.53, 2211
91.19, 2210
103.55, 2209
109.32, 2208
133.32, 2207
210.0, 2206
373.8, 2205
500.11, 2204
607.68, 2203