0.97, 2257
1.71, 2256
1.93, 2255
2.18, 2254
2.37, 2253
2.48, 2252
3.68, 2251
4.0, 2250
4.36, 2249
4.54, 2248
4.81, 2247
5.15, 2246
5.33, 2245
5.89, 2244
7.01, 2243
7.52, 2242
7.6, 2241
8.38, 2240
10.0, 2239
13.46, 2238
14.47, 2237
14.93, 2236
15.97, 2235
16.21, 2234
16.41, 2233
18.54, 2232
18.71, 2231
20.47, 2230
20.76, 2229
21.65, 2228
22.59, 2227
22.8, 2226
27.74, 2225
34.51, 2224
34.98, 2223
36.14, 2222
42.39, 2221
44.55, 2220
46.36, 2219
46.74, 2218
49.55, 2217
53.23, 2216
55.28, 2215
60.43, 2214
101.33, 2213
126.54, 2212
130.77, 2211
146.84, 2210
185.17, 2209
213.11, 2208
223.98, 2207
322.93, 2206
520.24, 2205
533.56, 2204