0.97, 2257
1.97, 2256
3.21, 2255
3.32, 2254
3.32, 2253
3.88, 2252
3.96, 2251
4.33, 2250
4.54, 2249
4.8, 2248
5.04, 2247
6.46, 2246
6.87, 2245
7.12, 2244
8.28, 2243
9.43, 2242
9.57, 2241
9.68, 2240
9.89, 2239
11.35, 2238
11.5, 2237
13.38, 2236
14.63, 2235
15.76, 2234
16.67, 2233
18.06, 2232
20.91, 2231
21.41, 2230
21.71, 2229
22.18, 2228
23.65, 2227
24.32, 2226
26.48, 2225
26.61, 2224
30.47, 2223
31.74, 2222
32.62, 2221
33.69, 2220
34.5, 2219
37.43, 2218
41.69, 2217
42.46, 2216
45.65, 2215
52.34, 2214
66.76, 2213
73.49, 2212
74.47, 2211
75.04, 2210
92.76, 2209
138.42, 2208
146.22, 2207
177.05, 2206
287.64, 2205
476.29, 2204