1.69, 2257
2.0, 2256
2.52, 2255
2.9, 2254
3.1, 2253
3.7, 2252
3.92, 2251
4.16, 2250
4.75, 2249
4.85, 2248
5.46, 2247
5.46, 2246
6.05, 2245
6.1, 2244
6.58, 2243
6.89, 2242
7.18, 2241
7.72, 2240
8.24, 2239
8.51, 2238
9.2, 2237
10.74, 2236
11.16, 2235
14.44, 2234
14.59, 2233
18.3, 2232
19.4, 2231
19.43, 2230
22.35, 2229
23.56, 2228
24.45, 2227
24.67, 2226
26.34, 2225
30.13, 2224
30.55, 2223
31.02, 2222
31.96, 2221
33.59, 2220
34.15, 2219
35.78, 2218
39.69, 2217
41.21, 2216
43.68, 2215
44.21, 2214
49.13, 2213
50.83, 2212
79.42, 2211
101.84, 2210
112.29, 2209
130.53, 2208
148.73, 2207
277.36, 2206
372.55, 2205