0.93, 2257
1.48, 2256
1.51, 2255
2.2, 2254
2.84, 2253
2.87, 2252
3.53, 2251
4.17, 2250
4.64, 2249
5.07, 2248
5.31, 2247
6.17, 2246
6.78, 2245
7.18, 2244
7.42, 2243
7.53, 2242
7.7, 2241
8.28, 2240
9.06, 2239
11.18, 2238
12.21, 2237
12.64, 2236
12.77, 2235
15.39, 2234
15.58, 2233
16.08, 2232
17.86, 2231
19.26, 2230
19.74, 2229
20.67, 2228
23.14, 2227
25.29, 2226
25.83, 2225
26.43, 2224
26.73, 2223
31.1, 2222
34.4, 2221
34.66, 2220
35.54, 2219
35.59, 2218
37.38, 2217
41.98, 2216
42.22, 2215
50.51, 2214
50.54, 2213
51.23, 2212
52.2, 2211
53.04, 2210
55.15, 2209
59.24, 2208
102.57, 2207
175.07, 2206
259.46, 2205
261.73, 2204