1.03, 2257
1.14, 2256
1.22, 2255
1.46, 2254
2.22, 2253
2.32, 2252
2.82, 2251
3.01, 2250
3.16, 2249
3.23, 2248
3.48, 2247
3.65, 2246
3.71, 2245
3.79, 2244
3.99, 2243
5.06, 2242
5.63, 2241
6.07, 2240
6.15, 2239
7.01, 2238
8.1, 2237
8.29, 2236
9.73, 2235
9.86, 2234
11.3, 2233
11.7, 2232
13.14, 2231
15.76, 2230
15.99, 2229
16.29, 2228
17.02, 2227
23.5, 2226
24.05, 2225
26.24, 2224
27.87, 2223
30.59, 2222
33.9, 2221
34.8, 2220
35.72, 2219
36.48, 2218
40.31, 2217
45.53, 2216
47.38, 2215
49.37, 2214
53.65, 2213
58.44, 2212
58.52, 2211
68.92, 2210
81.82, 2209
94.59, 2208
158.53, 2207
171.92, 2206
216.81, 2205
225.77, 2204