0.92, 2257
1.04, 2256
2.26, 2255
3.49, 2254
3.74, 2253
4.37, 2252
5.99, 2251
6.1, 2250
6.77, 2249
6.93, 2248
7.02, 2247
7.23, 2246
8.31, 2245
8.46, 2244
9.49, 2243
9.57, 2242
9.59, 2241
10.53, 2240
10.72, 2239
11.56, 2238
11.98, 2237
13.22, 2236
14.14, 2235
15.02, 2234
16.13, 2233
17.44, 2232
17.61, 2231
17.85, 2230
18.3, 2229
21.05, 2228
21.66, 2227
23.95, 2226
28.22, 2225
29.28, 2224
32.96, 2223
32.99, 2222
38.01, 2221
39.73, 2220
43.27, 2219
45.32, 2218
48.31, 2217
51.49, 2216
51.71, 2215
57.61, 2214
58.89, 2213
69.28, 2212
71.29, 2211
78.68, 2210
109.29, 2209
112.5, 2208
211.36, 2207
269.62, 2206
380.52, 2205
570.18, 2204