0.87, 2257
1.11, 2256
1.27, 2255
2.15, 2254
2.44, 2253
2.76, 2252
3.87, 2251
3.99, 2250
5.98, 2249
6.7, 2248
6.95, 2247
7.72, 2246
8.7, 2245
9.06, 2244
11.15, 2243
11.2, 2242
13.63, 2241
15.52, 2240
15.99, 2239
16.21, 2238
17.39, 2237
18.09, 2236
18.12, 2235
19.73, 2234
21.76, 2233
22.38, 2232
23.36, 2231
24.27, 2230
25.24, 2229
25.25, 2228
26.1, 2227
26.98, 2226
30.67, 2225
30.72, 2224
31.78, 2223
31.97, 2222
34.62, 2221
35.37, 2220
35.7, 2219
40.44, 2218
41.62, 2217
41.9, 2216
43.3, 2215
44.32, 2214
44.79, 2213
48.22, 2212
62.18, 2211
71.5, 2210
92.76, 2209
109.04, 2208
116.61, 2207
168.01, 2206
186.72, 2205
241.78, 2204
559.01, 2203