0.82, 2257
0.91, 2256
1.18, 2255
1.37, 2254
2.1, 2253
2.65, 2252
4.42, 2251
4.61, 2250
4.8, 2249
4.95, 2248
5.54, 2247
6.13, 2246
6.71, 2245
7.41, 2244
8.49, 2243
9.13, 2242
10.09, 2241
10.69, 2240
11.84, 2239
12.33, 2238
13.33, 2237
13.86, 2236
16.02, 2235
16.64, 2234
17.21, 2233
19.68, 2232
19.91, 2231
20.29, 2230
21.68, 2229
22.45, 2228
24.32, 2227
26.86, 2226
28.38, 2225
28.58, 2224
31.51, 2223
34.28, 2222
34.31, 2221
35.31, 2220
36.56, 2219
38.55, 2218
38.75, 2217
63.36, 2216
66.43, 2215
76.33, 2214
82.52, 2213
94.88, 2212
96.5, 2211
118.47, 2210
156.69, 2209
180.06, 2208
180.36, 2207
192.69, 2206
240.67, 2205
297.45, 2204
435.15, 2203