1.03, 2257
1.42, 2256
2.22, 2255
2.38, 2254
2.62, 2253
3.87, 2252
4.35, 2251
5.1, 2250
5.6, 2249
5.82, 2248
6.07, 2247
6.52, 2246
8.33, 2245
8.56, 2244
8.65, 2243
9.06, 2242
9.23, 2241
9.62, 2240
9.75, 2239
12.11, 2238
12.42, 2237
13.3, 2236
13.89, 2235
14.47, 2234
14.72, 2233
14.92, 2232
15.93, 2231
17.16, 2230
17.94, 2229
18.08, 2228
18.11, 2227
18.61, 2226
19.01, 2225
20.55, 2224
21.45, 2223
24.48, 2222
25.6, 2221
26.2, 2220
34.76, 2219
38.72, 2218
42.33, 2217
43.42, 2216
48.11, 2215
48.17, 2214
59.07, 2213
95.49, 2212
106.45, 2211
118.0, 2210
120.9, 2209
130.45, 2208
161.87, 2207
196.17, 2206
242.26, 2205
343.67, 2204
671.25, 2203