0.92, 2257
1.46, 2256
1.82, 2255
2.54, 2254
2.63, 2253
2.73, 2252
3.38, 2251
3.63, 2250
3.93, 2249
3.96, 2248
4.09, 2247
4.71, 2246
5.07, 2245
6.4, 2244
6.69, 2243
7.19, 2242
8.26, 2241
8.48, 2240
10.56, 2239
11.28, 2238
11.5, 2237
11.87, 2236
14.07, 2235
15.05, 2234
15.38, 2233
16.46, 2232
17.58, 2231
18.71, 2230
22.68, 2229
23.11, 2228
23.36, 2227
28.23, 2226
33.11, 2225
33.14, 2224
33.66, 2223
34.27, 2222
35.95, 2221
37.74, 2220
38.31, 2219
45.83, 2218
47.53, 2217
54.59, 2216
60.33, 2215
63.48, 2214
67.31, 2213
77.94, 2212
88.62, 2211
113.53, 2210
131.2, 2209
151.19, 2208
176.0, 2207
180.43, 2206
192.3, 2205
249.01, 2204
645.57, 2203