1.07, 2257
1.47, 2256
1.76, 2255
2.06, 2254
2.61, 2253
3.29, 2252
4.04, 2251
4.28, 2250
4.31, 2249
5.12, 2248
5.55, 2247
6.36, 2246
7.39, 2245
8.77, 2244
9.5, 2243
10.02, 2242
10.26, 2241
10.92, 2240
12.78, 2239
13.67, 2238
15.56, 2237
15.56, 2236
15.73, 2235
17.38, 2234
18.03, 2233
18.04, 2232
18.84, 2231
20.25, 2230
21.84, 2229
22.56, 2228
23.73, 2227
24.73, 2226
25.0, 2225
27.42, 2224
27.84, 2223
35.01, 2222
37.19, 2221
41.19, 2220
44.14, 2219
46.14, 2218
49.05, 2217
49.36, 2216
54.82, 2215
58.32, 2214
58.83, 2213
64.65, 2212
70.69, 2211
85.2, 2210
88.83, 2209
97.89, 2208
136.22, 2207
139.22, 2206
150.6, 2205
215.94, 2204