0.99, 2257
1.04, 2256
1.77, 2255
2.0, 2254
2.34, 2253
2.43, 2252
3.49, 2251
3.75, 2250
3.85, 2249
4.38, 2248
4.82, 2247
5.81, 2246
5.86, 2245
7.19, 2244
8.59, 2243
8.77, 2242
9.0, 2241
9.72, 2240
10.9, 2239
11.15, 2238
11.55, 2237
11.76, 2236
11.91, 2235
12.21, 2234
12.65, 2233
15.18, 2232
15.67, 2231
21.41, 2230
21.57, 2229
22.96, 2228
23.79, 2227
24.36, 2226
24.93, 2225
27.57, 2224
28.23, 2223
28.46, 2222
29.64, 2221
36.87, 2220
38.98, 2219
40.67, 2218
44.0, 2217
51.34, 2216
51.44, 2215
51.69, 2214
57.38, 2213
61.93, 2212
63.03, 2211
71.1, 2210
82.51, 2209
83.41, 2208
87.14, 2207
97.96, 2206
107.15, 2205
127.7, 2204
243.69, 2203