0.84, 2257
0.94, 2256
1.13, 2255
1.29, 2254
1.36, 2253
1.36, 2252
1.47, 2251
1.58, 2250
1.64, 2249
1.95, 2248
2.92, 2247
3.14, 2246
3.91, 2245
4.35, 2244
4.97, 2243
5.33, 2242
5.64, 2241
5.92, 2240
6.03, 2239
6.48, 2238
6.67, 2237
6.88, 2236
6.94, 2235
7.14, 2234
7.25, 2233
8.31, 2232
10.77, 2231
10.85, 2230
15.12, 2229
15.2, 2228
16.09, 2227
16.25, 2226
18.45, 2225
19.64, 2224
19.83, 2223
23.0, 2222
23.32, 2221
23.82, 2220
26.74, 2219
26.82, 2218
28.79, 2217
29.44, 2216
29.73, 2215
29.94, 2214
32.69, 2213
42.9, 2212
44.32, 2211
67.17, 2210
75.09, 2209
88.65, 2208
113.76, 2207
125.26, 2206
139.09, 2205
422.52, 2204
529.44, 2203