2.02, 2257
2.68, 2256
3.0, 2255
3.34, 2254
3.4, 2253
4.13, 2252
4.32, 2251
4.49, 2250
4.88, 2249
5.65, 2248
5.76, 2247
6.34, 2246
6.56, 2245
9.06, 2244
9.25, 2243
9.51, 2242
10.89, 2241
11.12, 2240
11.47, 2239
11.87, 2238
12.28, 2237
12.47, 2236
14.47, 2235
15.36, 2234
15.72, 2233
15.83, 2232
17.74, 2231
17.83, 2230
19.61, 2229
19.7, 2228
23.51, 2227
24.25, 2226
24.56, 2225
24.83, 2224
25.47, 2223
30.07, 2222
32.66, 2221
35.62, 2220
36.36, 2219
36.86, 2218
38.12, 2217
40.68, 2216
43.23, 2215
46.67, 2214
51.94, 2213
56.76, 2212
58.02, 2211
61.69, 2210
68.79, 2209
122.78, 2208
254.79, 2207
267.85, 2206
487.62, 2205
593.33, 2204
774.89, 2203