2.28, 2257
2.32, 2256
2.6, 2255
2.72, 2254
3.52, 2253
3.71, 2252
4.1, 2251
4.7, 2250
6.62, 2249
6.94, 2248
7.41, 2247
7.69, 2246
8.0, 2245
9.66, 2244
10.3, 2243
10.6, 2242
11.1, 2241
11.29, 2240
11.37, 2239
11.54, 2238
11.62, 2237
12.71, 2236
14.78, 2235
15.38, 2234
16.49, 2233
17.6, 2232
19.56, 2231
19.59, 2230
22.48, 2229
22.93, 2228
24.36, 2227
25.3, 2226
26.39, 2225
32.71, 2224
39.14, 2223
45.3, 2222
59.22, 2221
61.5, 2220
63.97, 2219
64.47, 2218
64.64, 2217
72.94, 2216
78.64, 2215
79.06, 2214
79.18, 2213
81.79, 2212
89.06, 2211
111.44, 2210
120.18, 2209
193.19, 2208
311.33, 2207
324.63, 2206
349.5, 2205
752.2, 2204
794.87, 2203