4.24, 4652
4.6, 4651
5.27, 4650
6.18, 4649
8.89, 4648
9.02, 4647
11.29, 4646
12.91, 4645
13.68, 4644
13.75, 4643
14.53, 4642
14.62, 4641
14.98, 4640
17.84, 4639
18.26, 4638
20.81, 4637
21.47, 4636
23.06, 4635
23.61, 4634
25.44, 4633
25.77, 4632
26.39, 4631
26.63, 4630
27.77, 4629
28.4, 4628
29.49, 4627
32.15, 4626
32.74, 4625
33.01, 4624
33.82, 4623
38.26, 4622
39.33, 4621
40.71, 4620
46.97, 4619
47.83, 4618
49.81, 4617
50.22, 4616
50.92, 4615
50.99, 4614
53.01, 4613
60.97, 4612
64.76, 4611
65.42, 4610
71.22, 4609
79.11, 4608
80.14, 4607
81.5, 4606
84.21, 4605
89.22, 4604
90.89, 4603
91.42, 4602
92.63, 4601
92.97, 4600
94.71, 4599
95.17, 4598
95.2, 4597
96.92, 4596
103.3, 4595
109.05, 4594
111.49, 4593
112.97, 4592
114.2, 4591
117.96, 4590
122.03, 4589
125.74, 4588
126.55, 4587
138.27, 4586
141.53, 4585
145.66, 4584
158.03, 4583
161.29, 4582
162.54, 4581
174.06, 4580
181.04, 4579
185.3, 4578
195.64, 4577
204.93, 4576
221.98, 4575
232.26, 4574
236.7, 4573
244.13, 4572
246.58, 4571
247.27, 4570
259.33, 4569
276.96, 4568
278.13, 4567
295.81, 4566
317.44, 4565
317.73, 4564
322.29, 4563
418.62, 4562
438.74, 4561
486.41, 4560
510.56, 4559
534.92, 4558
544.25, 4557
587.17, 4556
631.88, 4555
677.01, 4554
711.44, 4553
847.73, 4552
852.12, 4551
853.33, 4550