4.74, 4652
4.93, 4651
6.3, 4650
10.66, 4649
12.27, 4648
14.09, 4647
14.81, 4646
15.11, 4645
15.76, 4644
16.04, 4643
17.51, 4642
18.91, 4641
19.43, 4640
20.1, 4639
20.91, 4638
20.94, 4637
23.74, 4636
23.86, 4635
25.17, 4634
25.71, 4633
29.2, 4632
29.75, 4631
30.77, 4630
31.91, 4629
31.98, 4628
34.82, 4627
34.85, 4626
35.19, 4625
35.53, 4624
35.63, 4623
37.02, 4622
37.47, 4621
38.31, 4620
44.9, 4619
45.05, 4618
45.84, 4617
47.81, 4616
48.11, 4615
50.08, 4614
51.82, 4613
52.58, 4612
53.87, 4611
54.88, 4610
59.36, 4609
61.87, 4608
61.93, 4607
62.57, 4606
63.42, 4605
65.03, 4604
71.11, 4603
71.64, 4602
74.9, 4601
75.0, 4600
75.49, 4599
76.66, 4598
79.4, 4597
83.47, 4596
85.71, 4595
88.68, 4594
90.66, 4593
101.05, 4592
104.55, 4591
112.24, 4590
116.1, 4589
117.35, 4588
128.05, 4587
131.15, 4586
135.11, 4585
136.14, 4584
149.19, 4583
150.28, 4582
153.05, 4581
155.17, 4580
155.43, 4579
157.34, 4578
159.13, 4577
161.27, 4576
183.95, 4575
184.75, 4574
186.35, 4573
208.66, 4572
214.37, 4571
215.01, 4570
215.82, 4569
223.17, 4568
223.73, 4567
228.58, 4566
230.88, 4565
234.71, 4564
273.07, 4563
274.44, 4562
292.19, 4561
297.48, 4560
355.47, 4559
397.68, 4558
405.57, 4557
467.94, 4556
537.63, 4555
575.48, 4554
733.95, 4553
735.93, 4552
787.98, 4551