4.89, 4652
5.17, 4651
5.3, 4650
5.5, 4649
5.95, 4648
6.84, 4647
7.46, 4646
7.62, 4645
8.01, 4644
8.46, 4643
9.55, 4642
12.45, 4641
12.74, 4640
13.85, 4639
14.32, 4638
14.46, 4637
15.23, 4636
16.15, 4635
17.2, 4634
21.51, 4633
22.99, 4632
23.68, 4631
26.15, 4630
26.91, 4629
27.01, 4628
27.56, 4627
28.38, 4626
30.89, 4625
31.77, 4624
31.83, 4623
34.77, 4622
37.28, 4621
38.53, 4620
39.14, 4619
40.88, 4618
41.94, 4617
47.24, 4616
47.34, 4615
48.92, 4614
50.59, 4613
51.58, 4612
51.88, 4611
54.38, 4610
59.96, 4609
61.45, 4608
63.83, 4607
69.2, 4606
80.12, 4605
81.59, 4604
83.17, 4603
83.86, 4602
85.8, 4601
87.85, 4600
88.69, 4599
90.78, 4598
91.53, 4597
96.42, 4596
101.11, 4595
110.22, 4594
112.39, 4593
113.47, 4592
113.63, 4591
113.66, 4590
114.11, 4589
121.9, 4588
130.69, 4587
135.66, 4586
147.89, 4585
148.0, 4584
149.51, 4583
151.56, 4582
151.92, 4581
154.52, 4580
155.96, 4579
164.36, 4578
168.04, 4577
170.4, 4576
170.43, 4575
181.51, 4574
181.57, 4573
182.04, 4572
186.08, 4571
187.33, 4570
191.92, 4569
205.19, 4568
222.63, 4567
237.26, 4566
239.65, 4565
276.51, 4564
289.39, 4563
298.25, 4562
370.63, 4561
379.39, 4560
433.67, 4559
437.3, 4558
443.31, 4557
511.15, 4556
517.57, 4555
523.95, 4554
533.34, 4553
552.71, 4552
563.63, 4551
572.94, 4550
644.95, 4549
727.8, 4548
851.51, 4547
983.07, 4546