5.4, 4652
5.44, 4651
8.54, 4650
9.26, 4649
10.16, 4648
10.41, 4647
12.33, 4646
14.21, 4645
15.65, 4644
15.81, 4643
16.07, 4642
18.55, 4641
18.85, 4640
21.71, 4639
22.35, 4638
23.2, 4637
24.7, 4636
25.04, 4635
27.53, 4634
29.09, 4633
33.9, 4632
35.48, 4631
37.62, 4630
39.14, 4629
39.3, 4628
40.14, 4627
41.23, 4626
42.27, 4625
43.02, 4624
43.05, 4623
43.13, 4622
43.32, 4621
43.54, 4620
44.96, 4619
46.01, 4618
48.51, 4617
48.64, 4616
51.97, 4615
54.44, 4614
55.63, 4613
55.82, 4612
57.1, 4611
57.22, 4610
59.73, 4609
64.3, 4608
64.78, 4607
66.08, 4606
69.38, 4605
71.54, 4604
72.26, 4603
73.03, 4602
73.48, 4601
74.15, 4600
74.81, 4599
79.97, 4598
81.8, 4597
87.11, 4596
88.86, 4595
90.33, 4594
91.38, 4593
95.32, 4592
96.2, 4591
100.94, 4590
103.93, 4589
111.81, 4588
116.28, 4587
118.89, 4586
140.34, 4585
143.38, 4584
143.71, 4583
156.18, 4582
160.12, 4581
160.81, 4580
175.83, 4579
180.33, 4578
184.41, 4577
185.88, 4576
190.08, 4575
190.5, 4574
190.69, 4573
204.03, 4572
221.67, 4571
223.16, 4570
238.78, 4569
248.99, 4568
272.93, 4567
295.45, 4566
302.8, 4565
315.72, 4564
332.69, 4563
333.16, 4562
339.81, 4561
372.08, 4560
395.38, 4559
403.02, 4558
408.37, 4557
410.57, 4556
414.68, 4555
458.07, 4554
478.6, 4553
487.27, 4552
552.77, 4551
585.13, 4550
976.8, 4549