5.36, 4652
6.85, 4651
7.23, 4650
9.81, 4649
11.2, 4648
12.31, 4647
12.42, 4646
13.5, 4645
14.75, 4644
15.11, 4643
16.72, 4642
16.94, 4641
18.15, 4640
18.94, 4639
21.6, 4638
21.88, 4637
25.22, 4636
25.37, 4635
26.92, 4634
27.63, 4633
28.28, 4632
29.28, 4631
29.86, 4630
31.1, 4629
32.46, 4628
32.68, 4627
34.33, 4626
34.36, 4625
35.52, 4624
35.86, 4623
36.02, 4622
38.37, 4621
39.71, 4620
40.96, 4619
41.73, 4618
42.91, 4617
45.16, 4616
45.5, 4615
46.17, 4614
48.82, 4613
52.28, 4612
57.52, 4611
57.68, 4610
62.64, 4609
63.33, 4608
64.02, 4607
70.2, 4606
79.1, 4605
80.46, 4604
86.22, 4603
89.55, 4602
89.71, 4601
90.35, 4600
94.69, 4599
94.97, 4598
97.74, 4597
98.31, 4596
109.41, 4595
109.84, 4594
112.27, 4593
115.18, 4592
120.5, 4591
123.77, 4590
128.76, 4589
134.42, 4588
136.28, 4587
140.54, 4586
143.15, 4585
143.18, 4584
154.38, 4583
158.37, 4582
164.69, 4581
172.96, 4580
193.59, 4579
204.58, 4578
207.01, 4577
210.1, 4576
211.57, 4575
216.81, 4574
217.0, 4573
234.35, 4572
244.49, 4571
257.7, 4570
264.92, 4569
271.37, 4568
286.46, 4567
287.7, 4566
294.38, 4565
315.11, 4564
346.39, 4563
351.77, 4562
365.58, 4561
378.55, 4560
382.66, 4559
442.38, 4558
448.28, 4557
479.79, 4556
534.59, 4555
581.09, 4554
605.81, 4553
652.28, 4552
745.88, 4551