9.14, 4697
26.7, 4696
48.05, 4695
58.56, 4694
69.6, 4693
74.87, 4692
85.53, 4691
107.23, 4690
123.81, 4689
129.22, 4688
146.55, 4687
151.86, 4686
157.41, 4685
173.83, 4684
184.8, 4683
206.22, 4682
222.69, 4681
243.97, 4680
249.49, 4679
254.84, 4678
265.67, 4677
282.1, 4676
318.98, 4675
329.38, 4674
345.89, 4673
367.14, 4672
388.58, 4671
394.17, 4670
446.07, 4669
542.66, 4668
593.88, 4667
656.9, 4666
673.4, 4665
706.7, 4664
787.77, 4663
817.4, 4662
845.03, 4661
873.15, 4660
895.51, 4659
917.22, 4658
923.58, 4657
974.6, 4656