10.32, 4696
55.03, 4695
74.21, 4694
81.13, 4693
94.03, 4692
100.38, 4691
106.67, 4690
112.72, 4689
118.62, 4688
124.39, 4687
130.4, 4686
136.27, 4685
147.8, 4684
153.71, 4683
182.38, 4682
195.63, 4681
213.33, 4680
225.29, 4679
255.07, 4678
318.84, 4677
329.81, 4676
364.51, 4675
388.09, 4674
393.71, 4673
410.68, 4672
416.44, 4671
421.99, 4670
453.51, 4669
471.84, 4668
477.58, 4667
490.7, 4666
496.9, 4665
514.76, 4664
555.59, 4663
585.25, 4662
610.6, 4661
665.63, 4660
748.72, 4659
791.64, 4658
816.78, 4657
825.88, 4656