4.19, 4652
4.32, 4651
5.87, 4650
6.1, 4649
7.12, 4648
8.22, 4647
8.34, 4646
8.71, 4645
10.76, 4644
13.57, 4643
14.17, 4642
18.81, 4641
19.46, 4640
20.29, 4639
22.81, 4638
23.14, 4637
26.26, 4636
27.15, 4635
28.24, 4634
28.83, 4633
31.15, 4632
32.63, 4631
32.76, 4630
34.95, 4629
36.64, 4628
39.92, 4627
40.17, 4626
40.87, 4625
43.8, 4624
43.96, 4623
45.17, 4622
45.42, 4621
49.78, 4620
50.89, 4619
52.52, 4618
56.55, 4617
57.82, 4616
58.06, 4615
58.76, 4614
60.04, 4613
61.37, 4612
62.01, 4611
62.34, 4610
63.13, 4609
63.65, 4608
64.59, 4607
64.71, 4606
67.22, 4605
71.28, 4604
72.87, 4603
73.26, 4602
73.85, 4601
75.58, 4600
76.47, 4599
76.66, 4598
79.11, 4597
80.39, 4596
82.2, 4595
83.24, 4594
90.17, 4593
93.2, 4592
94.28, 4591