5.36, 4652
5.68, 4651
8.05, 4650
9.32, 4649
10.09, 4648
10.73, 4647
11.06, 4646
11.57, 4645
14.64, 4644
14.84, 4643
14.88, 4642
17.11, 4641
17.81, 4640
18.47, 4639
19.13, 4638
24.2, 4637
26.69, 4636
27.69, 4635
28.85, 4634
28.97, 4633
29.77, 4632
31.9, 4631
32.6, 4630
33.46, 4629
34.24, 4628
35.58, 4627
37.53, 4626
38.75, 4625
38.91, 4624
40.74, 4623
41.37, 4622
46.62, 4621
49.01, 4620
49.17, 4619
50.21, 4618
56.23, 4617
57.07, 4616
58.32, 4615
59.32, 4614
60.75, 4613
67.65, 4612
68.62, 4611
70.17, 4610
71.25, 4609
74.73, 4608
78.01, 4607
78.04, 4606
79.32, 4605
79.37, 4604
82.62, 4603
85.4, 4602
87.55, 4601
89.3, 4600
94.52, 4599
95.29, 4598
95.49, 4597
98.21, 4596
98.51, 4595
102.29, 4594
106.55, 4593
109.0, 4592
113.56, 4591
118.39, 4590
118.52, 4589
120.85, 4588
122.29, 4587
127.47, 4586
137.43, 4585
141.97, 4584
153.84, 4583
156.13, 4582
162.9, 4581
164.31, 4580
168.28, 4579
177.95, 4578
179.13, 4577
180.18, 4576
190.66, 4575
190.75, 4574
202.37, 4573
216.08, 4572
230.28, 4571
233.86, 4570
238.17, 4569
248.41, 4568
258.02, 4567
264.58, 4566
266.86, 4565
273.19, 4564
286.2, 4563
289.72, 4562
290.2, 4561
331.75, 4560
354.4, 4559
361.65, 4558
362.13, 4557
393.0, 4556
494.62, 4555
767.3, 4554
810.41, 4553
886.18, 4552
906.13, 4551
920.84, 4550
947.82, 4549
957.0, 4548