5.53, 7373
6.03, 7374
6.53, 7374
7.03, 7374
7.53, 7374
8.02, 7375
8.49, 7375
8.98, 7375
9.57, 7375
10.08, 7375
10.56, 7375
11.06, 7376
11.54, 7376
12.03, 7376
12.53, 7377
13.02, 7377
13.5, 7377
13.99, 7379
14.47, 7379
14.96, 7379
15.44, 7379
15.94, 7379
16.43, 7379
16.92, 7380
17.42, 7380
17.9, 7380
18.4, 7380
18.91, 7380
19.41, 7380
19.92, 7380
20.42, 7380
20.93, 7380
21.44, 7380
21.94, 7380
22.47, 7380
22.97, 7380
23.48, 7380
24.01, 7380
24.54, 7380
25.04, 7380
25.56, 7380
26.07, 7380
26.6, 7380
27.11, 7380
27.66, 7380
28.18, 7380
28.71, 7380
29.23, 7380
29.75, 7379
30.37, 7379
30.88, 7379
31.4, 7380
31.9, 7380
32.42, 7380
32.96, 7380
33.48, 7380
34.03, 7380
34.53, 7380
35.06, 7380
35.55, 7380
36.06, 7380
36.55, 7380
37.03, 7380
37.55, 7380
38.05, 7380
38.56, 7380
39.05, 7380
39.56, 7380
40.06, 7380
40.55, 7380
41.05, 7380
41.54, 7380
42.06, 7380
42.63, 7379
43.26, 7379
43.86, 7379
44.59, 7379
45.18, 7379
45.7, 7379
46.23, 7379
46.83, 7379
47.41, 7378
47.92, 7378
48.44, 7378
48.96, 7378
49.47, 7378
49.99, 7378
50.5, 7378
51.0, 7378
51.62, 7378
52.13, 7378
52.64, 7377
53.16, 7377
53.68, 7377
54.2, 7376
54.75, 7376
55.28, 7375
55.79, 7374
56.32, 7373
56.83, 7373
57.34, 7372
57.88, 7372
58.4, 7371
58.92, 7371
59.45, 7370
59.96, 7369
60.47, 7368
60.99, 7367
61.47, 7366
61.98, 7365
62.54, 7364
63.09, 7363
63.66, 7363
64.19, 7362
64.71, 7362
65.2, 7362
65.75, 7361
66.27, 7360
66.81, 7359
67.32, 7358
67.85, 7357
68.36, 7356
68.87, 7356
69.38, 7355
69.88, 7354
70.4, 7353
70.92, 7352
71.44, 7351
71.96, 7350
72.57, 7349
73.13, 7348
73.65, 7347
74.19, 7346
74.7, 7346
75.22, 7345
75.74, 7345
76.27, 7345
76.8, 7345
77.33, 7345
77.87, 7345
78.37, 7345
78.89, 7345
79.41, 7345
79.92, 7345
80.43, 7345
80.93, 7345
81.45, 7345
81.95, 7345
82.49, 7345
83.02, 7345
83.54, 7345
84.08, 7345
84.61, 7345
85.13, 7345
85.64, 7345
86.15, 7345
86.66, 7345
87.17, 7345
87.71, 7345
88.21, 7345
88.71, 7345
89.24, 7345
89.76, 7345
90.28, 7345
90.8, 7345
91.33, 7345
91.84, 7345
92.35, 7345
92.88, 7345
93.51, 7345
94.03, 7345
94.55, 7345
95.05, 7345
95.56, 7345
96.05, 7345
96.57, 7345
97.09, 7345
97.63, 7345
98.13, 7345
98.66, 7345
99.21, 7345
99.73, 7345