4.73, 4652
5.17, 4651
8.69, 4650
11.26, 4649
11.49, 4648
12.19, 4647
12.59, 4646
15.72, 4645
16.3, 4644
17.98, 4643
18.97, 4642
23.54, 4641
25.73, 4640
27.27, 4639
27.91, 4638
28.33, 4637
28.36, 4636
30.89, 4635
31.03, 4634
33.1, 4633
33.92, 4632
34.49, 4631
35.41, 4630
36.21, 4629
36.3, 4628
38.12, 4627
39.64, 4626
39.7, 4625
40.47, 4624
42.01, 4623
46.48, 4622
47.55, 4621
47.68, 4620
49.07, 4619
49.13, 4618
51.77, 4617
52.31, 4616
52.81, 4615
55.81, 4614
56.0, 4613
57.48, 4612
60.7, 4611
61.9, 4610
63.04, 4609
64.24, 4608
64.95, 4607
66.07, 4606
69.61, 4605
73.15, 4604
73.65, 4603
81.41, 4602
86.56, 4601
88.06, 4600
88.21, 4599
94.2, 4598
97.9, 4597
98.91, 4596
99.54, 4595
101.19, 4594
109.01, 4593
110.71, 4592
120.38, 4591
124.52, 4590
132.25, 4589
134.71, 4588
142.26, 4587
144.21, 4586
165.45, 4585
166.46, 4584
176.07, 4583
178.81, 4582
183.04, 4581
186.49, 4580
189.09, 4579
193.77, 4578
200.76, 4577
202.18, 4576
219.62, 4575
223.5, 4574
227.77, 4573
241.21, 4572
254.43, 4571
290.89, 4570
302.79, 4569
308.2, 4568
317.73, 4567
318.38, 4566
336.17, 4565
343.85, 4564
345.82, 4563
347.41, 4562
371.83, 4561
381.76, 4560
384.17, 4559
402.34, 4558
402.9, 4557
418.28, 4556
452.01, 4555
483.05, 4554
529.21, 4553
551.75, 4552
707.21, 4551
722.33, 4550