9.14, 4697
30.82, 4696
63.97, 4695
80.69, 4694
86.35, 4693
97.82, 4692
109.39, 4690
115.25, 4689
120.92, 4688
126.27, 4687
137.95, 4686
149.27, 4685
160.36, 4684
171.85, 4683
205.49, 4682
211.12, 4681
222.75, 4680
243.92, 4679
256.15, 4678
278.2, 4677
302.3, 4676
317.67, 4674
372.76, 4673
388.97, 4672
411.92, 4671
434.76, 4670
442.04, 4669
547.16, 4668
636.45, 4667
646.45, 4666
669.62, 4665
703.54, 4664
728.58, 4663
746.84, 4662
758.5, 4661
806.01, 4660
839.78, 4659
851.01, 4658
862.58, 4657
885.37, 4656