4.81, 4652
5.06, 4651
5.17, 4650
5.31, 4649
5.35, 4648
5.55, 4647
5.71, 4646
5.8, 4645
6.14, 4644
7.12, 4643
7.21, 4642
7.34, 4641
8.04, 4640
8.68, 4639
8.93, 4638
9.74, 4637
11.31, 4636
11.48, 4635
12.16, 4634
13.23, 4633
14.18, 4632
15.59, 4631
15.76, 4630
19.8, 4629
20.08, 4628
26.69, 4627
28.96, 4626
29.0, 4625
32.56, 4624
33.75, 4623
34.61, 4622
34.9, 4621
35.25, 4620
35.67, 4619
36.81, 4618
38.33, 4617
38.93, 4616
39.61, 4615
41.3, 4614
44.21, 4613
44.86, 4612
46.24, 4611
47.11, 4610
47.91, 4609
48.42, 4608
49.56, 4607
50.97, 4606
54.34, 4605
57.58, 4604
62.54, 4603
63.96, 4602
69.31, 4601
76.12, 4600
79.31, 4599
84.8, 4598
85.89, 4597
87.24, 4596
88.56, 4595
95.35, 4594
98.94, 4593
108.66, 4592
109.66, 4591
115.86, 4590
126.17, 4589
127.54, 4588
136.59, 4587
138.59, 4586
146.46, 4585
147.95, 4584
154.24, 4583
156.57, 4582
159.97, 4581
161.29, 4580
166.28, 4579
186.49, 4578
192.93, 4577
194.07, 4576
194.84, 4575
196.93, 4574
214.12, 4573
223.85, 4572
257.18, 4571
272.52, 4570
285.02, 4569
289.64, 4568
296.14, 4567
318.07, 4566
325.44, 4565
340.77, 4564
356.34, 4563
358.36, 4562
408.73, 4561
448.82, 4560
475.09, 4559
525.12, 4558
566.65, 4557
580.3, 4556
675.64, 4555
704.73, 4554
705.9, 4553
755.45, 4552
836.15, 4551
959.03, 4550