4.69, 4652
5.24, 4651
5.36, 4650
6.1, 4649
6.72, 4648
7.04, 4647
7.13, 4646
7.46, 4645
9.6, 4644
10.7, 4643
10.76, 4642
10.86, 4641
11.98, 4640
12.5, 4639
13.47, 4638
16.3, 4637
19.88, 4636
20.48, 4635
20.54, 4634
21.99, 4633
24.06, 4632
25.47, 4631
26.86, 4630
28.3, 4629
28.38, 4628
29.8, 4627
30.81, 4626
31.99, 4625
39.16, 4624
39.22, 4623
40.03, 4622
46.73, 4621
47.33, 4620
49.58, 4619
51.02, 4618
51.29, 4617
52.38, 4616
55.06, 4615
57.18, 4614
57.31, 4613
60.04, 4612
61.77, 4611
61.95, 4610
62.17, 4609
65.43, 4608
68.8, 4607
69.52, 4606
69.88, 4605
70.37, 4604
71.62, 4603
72.0, 4602
72.95, 4601
74.87, 4600
75.83, 4599
77.61, 4598
78.5, 4597
84.19, 4596
90.03, 4595
91.02, 4594
92.81, 4593
95.0, 4592
95.24, 4591
97.9, 4590
98.05, 4589
99.51, 4588
103.09, 4587
104.92, 4586
105.12, 4585
106.19, 4584
115.82, 4583
122.01, 4582
126.94, 4581
132.52, 4580
140.53, 4579
156.96, 4578
162.09, 4577
167.16, 4576
172.39, 4575
182.56, 4574
188.01, 4573
208.56, 4572
219.33, 4571
219.57, 4570
219.71, 4569
232.92, 4568
240.86, 4567
247.07, 4566
254.81, 4565
255.36, 4564
300.56, 4563
343.84, 4562
356.76, 4561
383.01, 4560
386.75, 4559
426.93, 4558
438.67, 4557
613.86, 4556
711.74, 4555
791.34, 4554
968.98, 4553