4.84, 4652
5.04, 4651
6.04, 4650
7.66, 4649
7.84, 4648
9.51, 4647
11.53, 4646
13.41, 4645
15.82, 4644
15.91, 4643
17.15, 4642
18.93, 4641
20.48, 4640
20.72, 4639
21.15, 4638
21.56, 4637
22.9, 4636
24.35, 4635
25.38, 4634
26.36, 4633
26.43, 4632
27.6, 4631
29.01, 4630
29.95, 4629
31.78, 4628
32.61, 4627
32.95, 4626
33.04, 4625
33.48, 4624
33.76, 4623
35.36, 4622
36.47, 4621
37.63, 4620
38.24, 4619
38.96, 4618
39.69, 4617
43.81, 4616
44.94, 4615
47.17, 4614
49.77, 4613
51.48, 4612
51.6, 4611
55.58, 4610
59.13, 4609
60.79, 4608
63.62, 4607
66.64, 4606
69.04, 4605
69.16, 4604
70.11, 4603
70.86, 4602
71.18, 4601
77.39, 4600
77.95, 4599
79.86, 4598
81.53, 4597
82.84, 4596
84.37, 4595
84.8, 4594
87.01, 4593
91.31, 4592
91.94, 4591
91.97, 4590
93.73, 4589
97.18, 4588
99.43, 4587
100.51, 4586
101.23, 4585
107.88, 4584
115.45, 4583
118.14, 4582
119.83, 4581
120.8, 4580
121.8, 4579
138.8, 4578
139.06, 4577
150.43, 4576
155.18, 4575
159.14, 4574
165.4, 4573
170.94, 4572
174.24, 4571
185.26, 4570
191.45, 4569
194.57, 4568
206.36, 4567
268.68, 4566
288.62, 4565
300.89, 4564
309.54, 4563
324.38, 4562
342.76, 4561
349.74, 4560
380.99, 4559
400.05, 4558
446.03, 4557
546.98, 4556
608.77, 4555
669.87, 4554
681.53, 4553
728.34, 4552
750.27, 4551
885.13, 4550