3.55, 4652
3.6, 4651
3.75, 4650
3.82, 4649
4.37, 4648
4.39, 4647
4.73, 4646
5.07, 4645
5.46, 4644
5.98, 4643
6.19, 4642
6.21, 4641
6.37, 4640
6.45, 4639
6.7, 4638
7.32, 4637
7.37, 4636
7.45, 4635
7.84, 4634
8.93, 4633
9.59, 4632
10.72, 4631
10.83, 4630
11.45, 4629
11.95, 4628
11.97, 4627
12.76, 4626
13.05, 4625
13.44, 4624
13.77, 4623
14.11, 4622
14.78, 4621
15.28, 4620
15.54, 4619
15.96, 4618
16.4, 4617
19.51, 4616
19.99, 4615
20.16, 4614
20.23, 4613
21.21, 4612
24.66, 4611
24.82, 4610
25.74, 4609
25.81, 4608
26.33, 4607
26.5, 4606
27.73, 4605
28.29, 4604
28.49, 4603
32.25, 4602
32.32, 4601
32.74, 4600
34.71, 4599
34.91, 4598
35.73, 4597
37.19, 4596
37.88, 4595
41.74, 4594
42.26, 4593
43.23, 4592
45.49, 4591
46.74, 4590
50.19, 4589
50.83, 4588
54.96, 4587
57.18, 4586
59.03, 4585
59.98, 4584
65.56, 4583
66.57, 4582
73.48, 4581
74.37, 4580
75.42, 4579
76.19, 4578
76.85, 4577
81.67, 4576
85.12, 4575
85.19, 4574
85.8, 4573
86.96, 4572
90.74, 4571
91.25, 4570
95.43, 4569
95.8, 4568
122.02, 4567
147.69, 4566
148.21, 4565
156.49, 4564
181.74, 4563
182.03, 4562
202.69, 4561
204.23, 4560
209.32, 4559
250.19, 4558
261.12, 4557
284.69, 4556
287.72, 4555
308.82, 4554
359.6, 4553
371.91, 4552
384.43, 4551
653.72, 4550
789.01, 4549
841.98, 4548
935.13, 4547