5.64, 4652
7.78, 4651
8.62, 4650
9.13, 4649
9.96, 4648
10.76, 4647
10.98, 4646
11.07, 4645
13.25, 4644
13.42, 4643
14.82, 4642
15.31, 4641
15.39, 4640
15.46, 4639
16.03, 4638
16.72, 4637
18.0, 4636
18.26, 4635
24.14, 4634
24.47, 4633
25.53, 4632
25.8, 4631
26.7, 4630
27.29, 4629
32.93, 4628
33.95, 4627
34.22, 4626
35.12, 4625
38.73, 4624
39.81, 4623
40.2, 4622
40.39, 4621
40.73, 4620
42.29, 4619
42.97, 4618
43.04, 4617
44.8, 4616
44.94, 4615
45.38, 4614
47.85, 4613
48.15, 4612
48.9, 4611
50.31, 4610
50.71, 4609
54.03, 4608
55.32, 4607
56.55, 4606
57.1, 4605
58.02, 4604
59.6, 4603
61.79, 4602
65.02, 4601
66.92, 4600
67.11, 4599
68.11, 4598
73.35, 4597
73.57, 4596
74.77, 4595
75.63, 4594
80.65, 4593
91.14, 4592
92.2, 4591
95.35, 4590
96.27, 4589
101.69, 4588
104.24, 4587
108.2, 4586
118.42, 4585
126.29, 4584
145.65, 4583
147.49, 4582
148.91, 4581
159.88, 4580
161.1, 4579
172.32, 4578
185.57, 4577
187.18, 4576
195.39, 4575
201.47, 4574
208.03, 4573
210.68, 4572
220.46, 4571
223.75, 4570
223.91, 4569
227.62, 4568
248.06, 4567
248.32, 4566
255.79, 4565
256.01, 4564
259.62, 4563
297.69, 4562
316.84, 4561
349.32, 4560
406.34, 4559
449.7, 4558
463.0, 4557
504.07, 4556
599.17, 4555
661.47, 4554
787.74, 4553
805.14, 4552
877.57, 4551
884.22, 4550
917.82, 4549