3.98, 4652
5.54, 4651
5.68, 4650
6.34, 4649
7.26, 4648
8.29, 4647
9.74, 4646
10.04, 4645
11.33, 4644
13.04, 4643
13.54, 4642
16.27, 4641
16.64, 4640
17.38, 4639
17.94, 4638
20.07, 4637
20.59, 4636
22.89, 4635
23.12, 4634
27.3, 4633
29.04, 4632
29.86, 4631
30.82, 4630
30.93, 4629
31.03, 4628
31.31, 4627
31.38, 4626
35.49, 4625
35.75, 4624
36.31, 4623
37.92, 4622
38.61, 4621
39.03, 4620
39.06, 4619
41.28, 4618
41.79, 4617
46.45, 4616
48.55, 4615
49.08, 4614
49.88, 4613
50.56, 4612
51.44, 4611
52.56, 4610
55.01, 4609
57.3, 4608
57.63, 4607
57.8, 4606
59.97, 4605
64.84, 4604
68.31, 4603
70.37, 4602
71.44, 4601
71.84, 4600
73.64, 4599
73.95, 4598
79.52, 4597
83.48, 4596
84.84, 4595
91.56, 4594
95.36, 4593
98.11, 4592
103.84, 4591
107.0, 4590
113.57, 4589
119.3, 4588
119.91, 4587
121.81, 4586
123.98, 4585
125.34, 4584
136.19, 4583
140.02, 4582
144.06, 4581
144.73, 4580
153.93, 4579
159.52, 4578
160.35, 4577
165.83, 4576
168.17, 4575
173.41, 4574
175.1, 4573
184.32, 4572
193.53, 4571
203.77, 4570
215.46, 4569
221.75, 4568
237.95, 4567
239.1, 4566
285.67, 4565
312.47, 4564
353.45, 4563
393.04, 4562
439.54, 4561
447.03, 4560
451.45, 4559
453.6, 4558
479.05, 4557
502.81, 4556
672.01, 4555
768.1, 4554
769.66, 4553
800.67, 4552
813.33, 4551
867.51, 4550