3.4, 4696
3.7, 4697
4.0, 4697
4.29, 4697
4.59, 4697
4.92, 4697
5.24, 4697
5.54, 4697
5.83, 4697
6.11, 4697
6.4, 4697
6.7, 4698
7.0, 4699
7.32, 4699
7.65, 4700
7.99, 4701
8.31, 4701
8.61, 4701
8.91, 4701
9.2, 4702
9.5, 4702
9.82, 4702
10.13, 4702
10.41, 4702
10.71, 4702
11.0, 4703
11.29, 4703
11.58, 4703
11.9, 4704
12.2, 4704
12.48, 4704
12.77, 4704
13.06, 4704
13.45, 4704
13.76, 4704
14.07, 4704
14.35, 4703
14.63, 4703
14.92, 4702
15.2, 4702
15.49, 4702
15.78, 4702
16.07, 4702
16.37, 4702
16.65, 4702
16.95, 4702
17.23, 4702
17.54, 4701
17.82, 4701
18.1, 4701
18.39, 4701
18.66, 4701
18.94, 4701
19.22, 4700
19.5, 4700
19.78, 4700
20.06, 4699
20.34, 4699
20.62, 4698
20.9, 4698
21.19, 4698
21.47, 4697
21.74, 4697
22.02, 4696
22.29, 4696
22.56, 4695
22.83, 4695
23.1, 4694
23.38, 4694
23.65, 4694
23.93, 4694
24.2, 4693
24.48, 4693
24.75, 4693
25.02, 4693
25.31, 4692
25.61, 4692
25.93, 4692
26.26, 4692
26.59, 4692
26.89, 4691
27.18, 4691
27.47, 4691
27.78, 4690
28.05, 4689
28.32, 4689
28.59, 4688
28.86, 4687
29.13, 4686
29.4, 4685
29.67, 4684
29.96, 4683
30.26, 4682
30.57, 4681
30.87, 4680
31.18, 4679
31.49, 4678
31.78, 4677
32.06, 4676
32.32, 4675
32.6, 4674
32.87, 4673
33.13, 4672
33.44, 4672
33.74, 4671
34.02, 4670
34.4, 4669
34.67, 4668
34.97, 4668
35.27, 4667
35.57, 4666
35.87, 4665
36.17, 4664
36.47, 4663
36.77, 4662
37.07, 4662
37.37, 4661
37.67, 4660
37.97, 4659
38.26, 4658
38.54, 4658
38.83, 4658
39.12, 4658
39.41, 4658
39.69, 4658
39.98, 4658
40.27, 4658
40.55, 4658
40.82, 4658
41.1, 4657
41.37, 4657
41.65, 4657
41.93, 4656
42.23, 4656
42.52, 4656
42.83, 4656
43.14, 4655
43.45, 4655
43.75, 4655
44.05, 4655
44.34, 4655
44.61, 4655
44.89, 4655
45.18, 4655
45.49, 4655
45.79, 4655
46.09, 4655
46.4, 4655
46.7, 4655
46.99, 4655
47.27, 4655
47.59, 4655
47.86, 4655
48.13, 4655
48.4, 4654
48.68, 4654
49.0, 4654
49.3, 4654
49.58, 4654
49.86, 4654
50.15, 4654
50.43, 4654
50.71, 4654
51.0, 4654
51.29, 4654
51.57, 4654
51.85, 4654
52.14, 4654
52.44, 4654
52.71, 4654
53.0, 4654
53.3, 4654
53.59, 4654
53.86, 4654
54.17, 4654
54.44, 4654
54.72, 4654
54.98, 4654
55.37, 4654
55.63, 4654
55.9, 4654
56.18, 4654
56.44, 4654
56.71, 4654
56.98, 4654
57.25, 4654
57.53, 4654
57.8, 4654
58.08, 4654
58.35, 4654
58.62, 4654
58.9, 4654
59.19, 4654
59.47, 4653
59.76, 4653
60.04, 4653
60.32, 4653
60.59, 4653
60.87, 4653
61.15, 4653
61.43, 4653
61.75, 4653
62.06, 4653
62.35, 4653
62.67, 4653
62.96, 4653
63.28, 4653
63.58, 4653
63.87, 4653
64.16, 4653
64.45, 4653
64.73, 4653
65.02, 4653
65.3, 4653
65.59, 4653
65.85, 4653
66.13, 4653
66.42, 4653
66.7, 4653
66.97, 4653
67.28, 4653
67.58, 4653
67.87, 4653
68.16, 4653
68.45, 4653
68.75, 4653
69.04, 4653
69.32, 4653
69.62, 4653
69.9, 4653
70.19, 4653
70.46, 4652
70.73, 4652
71.02, 4652
71.31, 4652
71.6, 4652
71.9, 4652
72.19, 4652
72.5, 4652
72.8, 4652
73.09, 4652
73.39, 4652
73.69, 4652
73.97, 4652
74.28, 4652
74.6, 4652
74.92, 4652
75.38, 4652
75.73, 4652
76.08, 4652
76.63, 4652
77.2, 4652
77.59, 4652
77.93, 4652
78.29, 4652
78.6, 4652
78.92, 4652
79.34, 4652
79.62, 4652
79.92, 4652
80.22, 4652
80.52, 4652
80.8, 4652
81.17, 4652
81.57, 4652
81.92, 4652
82.28, 4652
82.67, 4652
83.01, 4652
83.4, 4652
83.8, 4652
84.21, 4652
84.67, 4652
85.08, 4652
85.66, 4652
86.14, 4652
86.54, 4652
87.05, 4652
87.55, 4652
88.14, 4652
88.71, 4652
89.27, 4652
89.76, 4652
90.21, 4652
90.6, 4652
91.0, 4652
91.4, 4652
91.75, 4652
92.15, 4652
92.55, 4652
92.92, 4652
93.3, 4652
93.66, 4652
94.03, 4652
94.55, 4652
94.94, 4652
95.42, 4652
95.81, 4652
96.17, 4652
96.57, 4652
96.96, 4652
97.32, 4652
97.7, 4652
98.08, 4652
98.45, 4652
98.82, 4652
99.19, 4652
99.55, 4652
99.94, 4652