5.83, 4652
6.11, 4651
6.84, 4650
8.58, 4649
9.71, 4648
11.13, 4647
12.04, 4646
14.78, 4645
14.94, 4644
15.0, 4643
15.53, 4642
16.16, 4641
16.22, 4640
16.3, 4639
16.46, 4638
16.6, 4637
17.8, 4636
18.3, 4635
18.49, 4634
18.62, 4633
19.99, 4632
20.9, 4631
21.99, 4630
23.3, 4629
25.66, 4628
25.98, 4627
26.51, 4626
27.88, 4625
27.91, 4624
31.11, 4623
32.4, 4622
35.46, 4621
37.26, 4620
40.61, 4619
44.31, 4618
45.09, 4617
46.09, 4616
46.64, 4615
49.76, 4614
51.61, 4613
55.29, 4612
57.37, 4611
60.32, 4610
67.57, 4609
70.26, 4608
70.57, 4607
73.43, 4606
74.73, 4605
78.69, 4604
87.55, 4603
89.56, 4602
90.53, 4601
92.67, 4600
95.34, 4599
97.88, 4598
99.49, 4597
101.38, 4596
111.41, 4595
111.79, 4594
112.96, 4593
119.64, 4592
121.86, 4591
129.59, 4590
130.28, 4589
136.95, 4588
144.35, 4587
145.55, 4586
147.42, 4585
147.57, 4584
153.01, 4583
160.37, 4582
161.48, 4581
170.92, 4580
173.64, 4579
183.79, 4578
184.81, 4577
186.51, 4576
193.37, 4575
196.8, 4574
196.83, 4573
203.12, 4572
204.03, 4571
204.86, 4570
205.79, 4569
210.46, 4568
230.22, 4567
233.99, 4566
238.79, 4565
266.91, 4564
270.06, 4563
303.7, 4562
304.76, 4561
318.09, 4560
349.34, 4559
405.18, 4558
423.48, 4557
515.04, 4556
569.75, 4555
577.18, 4554
613.66, 4553
826.86, 4552
939.33, 4551
981.39, 4550