9.3, 4696
20.19, 4695
31.28, 4694
47.92, 4693
53.82, 4692
59.4, 4691
64.97, 4690
70.82, 4689
76.37, 4687
93.19, 4686
104.5, 4685
109.92, 4684
115.47, 4683
126.22, 4682
143.54, 4681
165.95, 4680
183.68, 4679
195.55, 4678
201.49, 4677
225.81, 4676
249.33, 4675
255.2, 4674
266.85, 4673
297.48, 4672
321.26, 4671
335.7, 4670
358.85, 4669
366.57, 4668
382.53, 4667
414.32, 4666
462.6, 4665
494.9, 4664
523.31, 4663
565.97, 4662
616.93, 4661
681.08, 4660
692.33, 4659
709.47, 4658
767.81, 4657
858.91, 4656
898.16, 4655
943.19, 4654