4.84, 4652
5.1, 4651
5.2, 4650
5.37, 4649
5.71, 4648
5.98, 4647
7.32, 4646
7.39, 4645
7.68, 4644
9.72, 4643
11.69, 4642
12.0, 4641
12.77, 4640
12.86, 4639
13.49, 4638
13.71, 4637
14.54, 4636
15.26, 4635
16.87, 4634
17.0, 4633
17.98, 4632
18.53, 4631
19.14, 4630
23.49, 4629
24.89, 4628
26.48, 4627
27.0, 4626
29.21, 4625
31.45, 4624
33.49, 4623
34.03, 4622
37.61, 4621
38.22, 4620
39.69, 4619
40.22, 4618
42.87, 4617
44.67, 4616
45.87, 4615
47.22, 4614
50.79, 4613
52.81, 4612
55.12, 4611
58.05, 4610
58.31, 4609
60.02, 4608
61.49, 4607
61.66, 4606
62.04, 4605
64.09, 4604
66.64, 4603
71.1, 4602
75.71, 4601
81.33, 4600
84.01, 4599
84.28, 4598
92.29, 4597
95.78, 4596
96.11, 4595
102.39, 4594
103.17, 4593
106.33, 4592
108.39, 4591
108.42, 4590
109.53, 4589
112.17, 4588
115.46, 4587
116.32, 4586
121.63, 4585
124.2, 4584
129.47, 4583
130.17, 4582
132.15, 4581
138.17, 4580
140.19, 4579
153.26, 4578
165.1, 4577
168.97, 4576
173.91, 4575
184.08, 4574
198.5, 4573
203.0, 4572
219.11, 4571
226.41, 4570
231.63, 4569
236.4, 4568
244.23, 4567
245.26, 4566
264.99, 4565
277.93, 4564
300.56, 4563
323.34, 4562
332.05, 4561
343.35, 4560
375.24, 4559
386.75, 4558
444.85, 4557
501.53, 4556
531.63, 4555
533.66, 4554
704.41, 4553
741.45, 4552
837.89, 4551
881.75, 4550
989.95, 4549