5.4, 4652
5.65, 4651
5.75, 4650
7.67, 4649
9.28, 4648
9.8, 4647
10.07, 4646
11.32, 4645
12.94, 4644
12.97, 4643
13.27, 4642
15.72, 4641
17.48, 4640
17.68, 4639
18.83, 4638
20.07, 4637
20.22, 4636
20.47, 4635
20.86, 4634
21.42, 4633
23.03, 4632
23.21, 4631
23.49, 4630
23.61, 4629
25.62, 4628
26.61, 4627
28.28, 4626
30.22, 4625
30.62, 4624
32.68, 4623
33.82, 4622
34.57, 4621
38.24, 4620
38.76, 4619
44.45, 4618
45.49, 4617
48.71, 4616
48.81, 4615
49.32, 4614
49.45, 4613
50.49, 4612
50.82, 4611
51.17, 4610
52.01, 4609
55.16, 4608
59.12, 4607
60.08, 4606
64.51, 4605
64.82, 4604
68.1, 4603
73.14, 4602
74.48, 4601
75.7, 4600
76.04, 4599
77.04, 4598
77.07, 4597
77.21, 4596
80.25, 4595
92.52, 4594
100.55, 4593
106.5, 4592
106.6, 4591
107.75, 4590
108.79, 4589
116.49, 4588
116.99, 4587
118.88, 4586
119.82, 4585
129.95, 4584
135.13, 4583
140.86, 4582
143.24, 4581
148.28, 4580
153.87, 4579
159.38, 4578
161.83, 4577
163.92, 4576
172.7, 4575
182.12, 4574
185.97, 4573
194.96, 4572
202.76, 4571
208.14, 4570
221.15, 4569
227.62, 4568
239.11, 4567
254.79, 4566
271.29, 4565
353.96, 4564
361.65, 4563
364.01, 4562
365.18, 4561
410.13, 4560
417.54, 4559
443.1, 4558
457.74, 4557
517.71, 4556
543.01, 4555
648.97, 4554
898.99, 4553
944.99, 4552