9.29, 4697
14.79, 4696
46.77, 4695
53.82, 4694
67.04, 4692
74.08, 4691
80.9, 4689
100.62, 4688
114.06, 4687
120.49, 4686
140.82, 4685
160.33, 4683
166.56, 4682
172.7, 4681
179.4, 4679
203.73, 4678
226.72, 4677
249.1, 4676
265.92, 4675
305.15, 4674
322.15, 4673
333.46, 4672
355.99, 4671
367.44, 4670
378.58, 4669
384.19, 4668
406.6, 4667
418.04, 4666
429.16, 4665
479.96, 4664
496.34, 4663
607.78, 4662
677.41, 4661
689.68, 4660
711.43, 4659
745.44, 4658
801.5, 4657
826.1, 4656
866.72, 4655
1000.67, 4654