7.43, 4652
7.47, 4651
7.53, 4650
8.28, 4649
9.55, 4648
12.44, 4647
12.83, 4646
12.9, 4645
15.16, 4644
15.48, 4643
17.01, 4642
17.22, 4641
17.33, 4640
19.95, 4639
22.85, 4638
23.36, 4637
24.32, 4636
24.41, 4635
24.57, 4634
25.99, 4633
26.09, 4632
28.46, 4631
29.88, 4630
31.46, 4629
32.09, 4628
34.2, 4627
36.48, 4626
38.96, 4625
43.46, 4624
47.72, 4623
48.87, 4622
49.06, 4621
53.02, 4620
53.45, 4619
53.98, 4618
54.21, 4617
55.15, 4616
55.57, 4615
55.76, 4614
57.12, 4613
59.0, 4612
60.39, 4611
61.32, 4610
62.71, 4609
66.65, 4608
71.06, 4607
72.41, 4606
72.99, 4605
76.43, 4604
88.26, 4603
89.36, 4602
92.83, 4601
93.85, 4600
94.52, 4599
94.85, 4598
96.92, 4597
98.23, 4596
99.72, 4595
100.29, 4594
103.66, 4593
104.96, 4592
106.09, 4591
108.32, 4590
110.11, 4589
114.01, 4588
114.93, 4587
116.44, 4586
117.51, 4585
117.77, 4584
120.68, 4583
133.01, 4582
136.21, 4581
146.24, 4580
148.69, 4579
158.48, 4578
159.64, 4577
162.55, 4576
169.33, 4575
181.29, 4574
189.23, 4573
200.91, 4572
202.82, 4571
206.73, 4570
220.53, 4569
224.76, 4568
231.9, 4567
233.37, 4566
236.58, 4565
250.26, 4564
258.26, 4563
258.53, 4562
281.22, 4561
282.76, 4560
283.45, 4559
294.67, 4558
300.37, 4557
372.2, 4556
382.12, 4555
389.14, 4554
412.41, 4553
513.23, 4552
580.82, 4551