4.95, 4652
5.04, 4651
5.76, 4650
6.15, 4649
6.43, 4648
7.62, 4647
9.17, 4646
9.71, 4645
10.46, 4644
12.81, 4643
12.85, 4642
13.77, 4641
15.52, 4640
16.1, 4639
16.96, 4638
17.05, 4637
17.16, 4636
17.93, 4635
19.88, 4634
20.07, 4633
20.52, 4632
21.09, 4631
22.16, 4630
22.69, 4629
24.02, 4628
24.84, 4627
25.53, 4626
27.51, 4625
27.57, 4624
29.04, 4623
32.45, 4622
32.56, 4621
33.99, 4620
34.98, 4619
43.63, 4618
50.65, 4617
53.51, 4616
54.95, 4615
64.04, 4614
64.4, 4613
64.86, 4612
66.28, 4611
67.16, 4610
74.15, 4609
75.98, 4608
79.77, 4607
80.55, 4606
85.34, 4605
86.46, 4604
86.86, 4603
90.34, 4602
91.47, 4601
92.45, 4600
94.8, 4599
95.91, 4598
116.53, 4597
121.04, 4596
136.45, 4595
137.92, 4594
141.74, 4593
142.47, 4592
151.43, 4591
157.28, 4590
170.97, 4589
171.67, 4588
179.06, 4587
179.43, 4586
179.81, 4585
180.3, 4584
186.78, 4583
186.91, 4582
191.8, 4581
194.82, 4580
197.65, 4579
211.06, 4578
213.38, 4577
229.71, 4576
233.61, 4575
244.28, 4574
254.17, 4573
260.71, 4572
264.06, 4571
267.6, 4570
270.52, 4569
271.31, 4568
302.88, 4567
312.42, 4566
332.48, 4565
369.78, 4564
379.72, 4563
406.23, 4562
437.92, 4561
480.47, 4560
564.21, 4559
589.05, 4558
643.6, 4557
658.23, 4556
786.53, 4555
876.2, 4554
898.52, 4553