7.42, 4652
9.71, 4651
10.38, 4650
11.51, 4649
11.85, 4648
12.05, 4647
12.88, 4646
12.99, 4645
13.12, 4644
13.51, 4643
14.29, 4642
14.54, 4641
15.73, 4640
16.97, 4639
17.0, 4638
18.51, 4637
18.73, 4636
18.8, 4635
19.25, 4634
19.47, 4633
19.94, 4632
20.17, 4631
22.2, 4630
23.51, 4629
24.99, 4628
26.28, 4627
26.64, 4626
28.84, 4625
29.53, 4624
29.69, 4623
30.67, 4622
30.8, 4621
34.94, 4620
35.25, 4619
36.97, 4618
39.07, 4617
42.06, 4616
46.17, 4615
46.92, 4614
49.71, 4613
51.24, 4612
57.05, 4611
57.55, 4610
61.1, 4609
63.26, 4608
63.54, 4607
63.88, 4606
64.46, 4605
67.93, 4604
67.95, 4603
68.53, 4602
70.41, 4601
71.28, 4600
73.62, 4599
75.59, 4598
77.25, 4597
79.29, 4596
84.19, 4595
84.54, 4594
91.62, 4593
93.44, 4592
94.3, 4591
95.11, 4590
107.22, 4589
109.46, 4588
109.52, 4587
109.77, 4586
113.22, 4585
114.55, 4584
114.86, 4583
117.46, 4582
120.07, 4581
122.2, 4580
122.26, 4579
126.77, 4578
129.36, 4577
137.73, 4576
138.91, 4575
139.78, 4574
146.12, 4573
181.86, 4572
204.8, 4571
204.98, 4570
207.4, 4569
207.73, 4568
210.77, 4567
216.54, 4566
219.71, 4565
220.32, 4564
228.09, 4563
234.99, 4562
259.0, 4561
273.43, 4560
274.23, 4559
368.32, 4558
395.4, 4557
422.12, 4556
438.95, 4555
686.94, 4554
726.76, 4553
942.05, 4552