9.33, 4697
14.87, 4696
31.54, 4695
43.01, 4694
71.6, 4693
82.88, 4692
94.89, 4691
106.41, 4690
134.25, 4689
145.47, 4688
162.43, 4687
187.15, 4686
199.04, 4685
210.95, 4684
234.89, 4683
252.19, 4682
258.09, 4681
276.56, 4680
300.21, 4679
325.47, 4678
338.27, 4677
351.22, 4676
358.8, 4675
411.52, 4674
445.83, 4673
459.83, 4672
472.52, 4671
518.78, 4670
544.17, 4669
557.34, 4668
570.39, 4667
615.71, 4666
679.05, 4665
802.05, 4664
833.68, 4663
858.12, 4662
879.91, 4661
899.24, 4660
932.07, 4659
965.09, 4658
981.35, 4657
1006.64, 4656