5.12, 4652
5.85, 4651
6.35, 4650
7.41, 4649
7.6, 4648
8.39, 4647
8.55, 4646
10.24, 4645
11.26, 4644
13.01, 4643
15.18, 4642
15.27, 4641
17.37, 4640
17.7, 4639
17.92, 4638
19.4, 4637
19.72, 4636
20.0, 4635
21.8, 4634
24.07, 4633
27.35, 4632
29.01, 4631
29.88, 4630
31.67, 4629
34.06, 4628
34.61, 4627
38.2, 4626
39.06, 4625
39.68, 4624
41.42, 4623
43.87, 4622
44.61, 4621
45.2, 4620
48.24, 4619
49.6, 4618
50.52, 4617
50.65, 4616
61.38, 4615
62.01, 4614
62.91, 4613
63.76, 4612
64.93, 4611
65.92, 4610
67.08, 4609
67.72, 4608
68.65, 4607
69.65, 4606
74.93, 4605
78.59, 4604
82.67, 4603
83.2, 4602
83.29, 4601
85.08, 4600
89.19, 4599
90.09, 4598
91.1, 4597
92.42, 4596
94.88, 4595
96.32, 4594
98.09, 4593
110.38, 4592
112.61, 4591
115.47, 4590
119.62, 4589
130.18, 4588
130.74, 4587
132.95, 4586
134.5, 4585
136.46, 4584
137.71, 4583
159.65, 4582
160.82, 4581
166.42, 4580
177.39, 4579
186.41, 4578
186.44, 4577
211.63, 4576
218.64, 4575
240.37, 4574
247.02, 4573
310.03, 4572
311.38, 4571
335.5, 4570
341.16, 4569
368.02, 4568
379.8, 4567
407.55, 4566
424.48, 4565
461.37, 4564
463.21, 4563
490.9, 4562
557.6, 4561
575.62, 4560
582.95, 4559
627.91, 4558
718.26, 4557
719.79, 4556
751.1, 4555
799.47, 4554
823.41, 4553
828.07, 4552
944.1, 4551
951.62, 4550