5.45, 4652
5.77, 4651
6.68, 4650
7.87, 4649
9.14, 4648
9.88, 4647
10.95, 4646
11.41, 4645
12.75, 4644
13.0, 4643
13.72, 4642
13.81, 4641
16.43, 4640
16.49, 4639
16.69, 4638
18.77, 4637
20.63, 4636
20.75, 4635
22.14, 4634
23.25, 4633
23.31, 4632
24.27, 4631
24.46, 4630
25.98, 4629
26.95, 4628
28.03, 4627
28.69, 4626
28.78, 4625
34.43, 4624
34.46, 4623
34.9, 4622
35.5, 4621
35.56, 4620
37.65, 4619
37.94, 4618
40.35, 4617
45.04, 4616
47.43, 4615
47.95, 4614
48.79, 4613
48.97, 4612
53.22, 4611
56.57, 4610
57.32, 4609
63.42, 4608
63.76, 4607
67.76, 4606
67.96, 4605
69.23, 4604
70.73, 4603
70.76, 4602
71.75, 4601
76.47, 4600
78.05, 4599
78.21, 4598
79.22, 4597
79.71, 4596
82.77, 4595
83.36, 4594
86.04, 4593
88.03, 4592
89.65, 4591
89.75, 4590
93.77, 4589
94.61, 4588
95.57, 4587
97.1, 4586
100.06, 4585
100.47, 4584
102.86, 4583
105.42, 4582
107.24, 4581
110.17, 4580
113.99, 4579
116.76, 4578
117.74, 4577
122.03, 4576
131.59, 4575
131.62, 4574
140.21, 4573
146.02, 4572
150.99, 4571
158.5, 4570
172.92, 4569
174.18, 4568
190.63, 4567
197.44, 4566
198.66, 4565
201.14, 4564
204.4, 4563
212.5, 4562
216.1, 4561
218.99, 4560
225.24, 4559
227.61, 4558
232.64, 4557
235.36, 4556
275.21, 4555
282.48, 4554
300.6, 4553
347.93, 4552
565.45, 4551
820.64, 4550
967.0, 4549
988.1, 4548