9.25, 4696
36.78, 4695
47.93, 4694
53.5, 4693
64.61, 4692
70.47, 4691
76.15, 4690
81.73, 4689
98.27, 4688
109.74, 4687
144.72, 4686
162.39, 4685
174.17, 4684
180.23, 4683
192.28, 4682
216.12, 4681
222.05, 4680
234.31, 4679
240.04, 4678
245.9, 4677
265.75, 4676
281.2, 4675
296.8, 4674
318.98, 4673
383.13, 4672
425.53, 4671
491.8, 4670
523.49, 4669
548.55, 4668
568.88, 4667
588.16, 4666
600.07, 4665
628.69, 4664
651.52, 4663
684.67, 4662
771.31, 4661
820.92, 4660
888.76, 4659
899.71, 4658
979.53, 4657