0.72, 2257
0.86, 2256
1.03, 2255
1.32, 2254
1.94, 2253
2.01, 2252
2.12, 2251
2.91, 2250
2.95, 2249
3.5, 2248
3.66, 2247
3.73, 2246
4.2, 2245
4.48, 2244
4.49, 2243
4.66, 2242
4.76, 2241
5.11, 2240
5.59, 2239
5.62, 2238
5.82, 2237
6.12, 2236
6.26, 2235
7.13, 2234
7.33, 2233
7.62, 2232
7.8, 2231
9.51, 2230
10.27, 2229
10.9, 2228
11.34, 2227
11.8, 2226
12.0, 2225
12.26, 2224
12.33, 2223
12.9, 2222
13.03, 2221
13.56, 2220
14.19, 2219
14.78, 2218
15.17, 2217
15.8, 2216
16.45, 2215
17.38, 2214
17.66, 2213
19.52, 2212
24.91, 2211
34.81, 2210
34.83, 2209
34.97, 2208
42.12, 2207
63.4, 2206
105.52, 2205
159.52, 2204
223.24, 2203